#
# There is insufficient memory for the Java Runtime Environment to continue.
# Native memory allocation (mmap) failed to map 49283072 bytes for Failed to commit area from 0x000000008e900000 to 0x0000000091800000 of length 49283072.
# Possible reasons:
#   The system is out of physical RAM or swap space
#   The process is running with CompressedOops enabled, and the Java Heap may be blocking the growth of the native heap
# Possible solutions:
#   Reduce memory load on the system
#   Increase physical memory or swap space
#   Check if swap backing store is full
#   Decrease Java heap size (-Xmx/-Xms)
#   Decrease number of Java threads
#   Decrease Java thread stack sizes (-Xss)
#   Set larger code cache with -XX:ReservedCodeCacheSize=
#   JVM is running with Unscaled Compressed Oops mode in which the Java heap is
#     placed in the first 4GB address space. The Java Heap base address is the
#     maximum limit for the native heap growth. Please use -XX:HeapBaseMinAddress
#     to set the Java Heap base and to place the Java Heap above 4GB virtual address.
# This output file may be truncated or incomplete.
#
#  Out of Memory Error (./src/hotspot/os/windows/os_windows.cpp:3619), pid=11064, tid=7400
#
# JRE version: OpenJDK Runtime Environment (11.0.13) (build 11.0.13+0-b1751.21-8125866)
# Java VM: OpenJDK 64-Bit Server VM (11.0.13+0-b1751.21-8125866, mixed mode, tiered, compressed oops, g1 gc, windows-amd64)
# No core dump will be written. Minidumps are not enabled by default on client versions of Windows
#

---------------  S U M M A R Y ------------

Command Line: --add-opens=java.base/java.util=ALL-UNNAMED --add-opens=java.base/java.lang=ALL-UNNAMED --add-opens=java.base/java.lang.invoke=ALL-UNNAMED --add-opens=java.base/java.util=ALL-UNNAMED --add-opens=java.prefs/java.util.prefs=ALL-UNNAMED --add-opens=java.prefs/java.util.prefs=ALL-UNNAMED --add-opens=java.base/java.nio.charset=ALL-UNNAMED --add-opens=java.base/java.net=ALL-UNNAMED --add-opens=java.base/java.util.concurrent.atomic=ALL-UNNAMED -Xmx2048m -Dfile.encoding=UTF-8 -Duser.country=US -Duser.language=en -Duser.variant org.gradle.launcher.daemon.bootstrap.GradleDaemon 7.4

Host: Intel(R) Core(TM) i3-10100F CPU @ 3.60GHz, 8 cores, 7G,  Windows 10 , 64 bit Build 19041 (10.0.19041.1348)
Time: Tue Dec  6 23:39:29 2022 SE Asia Standard Time elapsed time: 292.232364 seconds (0d 0h 4m 52s)

---------------  T H R E A D  ---------------

Current thread (0x000001a30741e000):  VMThread "VM Thread" [stack: 0x000000a2d0a00000,0x000000a2d0b00000] [id=7400]

Stack: [0x000000a2d0a00000,0x000000a2d0b00000]
[error occurred during error reporting (printing stack bounds), id 0xc0000005, EXCEPTION_ACCESS_VIOLATION (0xc0000005) at pc=0x000001a370a0112d]

Native frames: (J=compiled Java code, j=interpreted, Vv=VM code, C=native code)
V  [jvm.dll+0x6100fa]
V  [jvm.dll+0x747090]
V  [jvm.dll+0x7486ad]
V  [jvm.dll+0x748ce5]
V  [jvm.dll+0x748c9b]
V  [jvm.dll+0x60f224]
V  [jvm.dll+0x60f9b8]
C  [ntdll.dll+0xa20cf]
C  [ntdll.dll+0x51454]
C  [ntdll.dll+0xa0bfe]
C  0x000001a370a0112d

VM_Operation (0x000000a2d26fd960): G1CollectForAllocation, mode: safepoint, requested by thread 0x000001a309fa6800


---------------  P R O C E S S  ---------------

Threads class SMR info:
_java_thread_list=0x000001a30a3e8a50, length=124, elements={
0x000001a36cee1800, 0x000001a307422800, 0x000001a307424000, 0x000001a30743c800,
0x000001a30743d000, 0x000001a30743f800, 0x000001a307443000, 0x000001a307448000,
0x000001a307449800, 0x000001a307f03000, 0x000001a308e9e800, 0x000001a308e9d000,
0x000001a308e9d800, 0x000001a309fa6800, 0x000001a309fa9800, 0x000001a309fa5800,
0x000001a309fa9000, 0x000001a309fa5000, 0x000001a309fb0000, 0x000001a309fab800,
0x000001a309faa800, 0x000001a309fb2000, 0x000001a309fad000, 0x000001a309faf800,
0x000001a30a5f2000, 0x000001a30a5ef800, 0x000001a30a5f1800, 0x000001a30cb18000,
0x000001a30cb1b800, 0x000001a30cb13800, 0x000001a30cb12800, 0x000001a30cb14000,
0x000001a30cb0f800, 0x000001a30cb11800, 0x000001a30cb15000, 0x000001a30cb16000,
0x000001a30cb10000, 0x000001a30cb16800, 0x000001a30cb11000, 0x000001a30cb1a000,
0x000001a30cb19000, 0x000001a30cb1a800, 0x000001a30cb1c800, 0x000001a30cb1d000,
0x000001a30cb17800, 0x000001a30cb1e000, 0x000001a30a5ed800, 0x000001a30a5ef000,
0x000001a30a5f4000, 0x000001a30a5f0800, 0x000001a30a5ee000, 0x000001a30a5f8000,
0x000001a30a5f7000, 0x000001a30a5f8800, 0x000001a30a5f4800, 0x000001a30a5f5800,
0x000001a30a5f3000, 0x000001a30a5fa800, 0x000001a30a5fb000, 0x000001a30a5f9800,
0x000001a30a5f6800, 0x000001a30a5fc000, 0x000001a308ea0000, 0x000001a308e9f800,
0x000001a308e9c000, 0x000001a308ea1000, 0x000001a308ea2000, 0x000001a308ea2800,
0x000001a309fa7000, 0x000001a309fa8000, 0x000001a309fa4000, 0x000001a309fae800,
0x000001a309fae000, 0x000001a3084e1000, 0x000001a3084e2000, 0x000001a3084e2800,
0x000001a3084e3800, 0x000001a3084e4000, 0x000001a3084e5000, 0x000001a3084e6000,
0x000001a3084e0000, 0x000001a3084e6800, 0x000001a3084ed000, 0x000001a3084eb800,
0x000001a3084ec800, 0x000001a3084e7800, 0x000001a3084e9000, 0x000001a3084ee000,
0x000001a3084e8800, 0x000001a3084ea800, 0x000001a3084ef000, 0x000001a3084ea000,
0x000001a30bf6d000, 0x000001a30bf6e000, 0x000001a30bf6a800, 0x000001a30bf68800,
0x000001a30bf6f000, 0x000001a30bf69000, 0x000001a30bf6f800, 0x000001a30bf6a000,
0x000001a30bf71800, 0x000001a30bf70800, 0x000001a30bf6b800, 0x000001a30bf72000,
0x000001a30bf6c800, 0x000001a30bf77000, 0x000001a30bf76000, 0x000001a30bf74800,
0x000001a30bf73000, 0x000001a30bf73800, 0x000001a30bf75800, 0x000001a310a01000,
0x000001a310a03800, 0x000001a310a01800, 0x000001a310a02800, 0x000001a3109fd800,
0x000001a310a04000, 0x000001a310a00000, 0x000001a3109fe800, 0x000001a310a05000,
0x000001a3109ff800, 0x000001a310a06000, 0x000001a310a0c800, 0x000001a310a0b800
}

Java Threads: ( => current thread )
  0x000001a36cee1800 JavaThread "main" [_thread_blocked, id=8936, stack(0x000000a2d0400000,0x000000a2d0500000)]
  0x000001a307422800 JavaThread "Reference Handler" daemon [_thread_blocked, id=6972, stack(0x000000a2d0b00000,0x000000a2d0c00000)]
  0x000001a307424000 JavaThread "Finalizer" daemon [_thread_blocked, id=10656, stack(0x000000a2d0c00000,0x000000a2d0d00000)]
  0x000001a30743c800 JavaThread "Signal Dispatcher" daemon [_thread_blocked, id=3684, stack(0x000000a2d0d00000,0x000000a2d0e00000)]
  0x000001a30743d000 JavaThread "Attach Listener" daemon [_thread_blocked, id=7048, stack(0x000000a2d0e00000,0x000000a2d0f00000)]
  0x000001a30743f800 JavaThread "Service Thread" daemon [_thread_blocked, id=6428, stack(0x000000a2d0f00000,0x000000a2d1000000)]
  0x000001a307443000 JavaThread "C2 CompilerThread0" daemon [_thread_blocked, id=14056, stack(0x000000a2d1000000,0x000000a2d1100000)]
  0x000001a307448000 JavaThread "C1 CompilerThread0" daemon [_thread_blocked, id=13824, stack(0x000000a2d1100000,0x000000a2d1200000)]
  0x000001a307449800 JavaThread "Sweeper thread" daemon [_thread_blocked, id=6336, stack(0x000000a2d1200000,0x000000a2d1300000)]
  0x000001a307f03000 JavaThread "Common-Cleaner" daemon [_thread_blocked, id=6452, stack(0x000000a2d1300000,0x000000a2d1400000)]
  0x000001a308e9e800 JavaThread "Daemon health stats" [_thread_blocked, id=7488, stack(0x000000a2d1700000,0x000000a2d1800000)]
  0x000001a308e9d000 JavaThread "Incoming local TCP Connector on port 51612" [_thread_in_native, id=3108, stack(0x000000a2d1800000,0x000000a2d1900000)]
  0x000001a308e9d800 JavaThread "Daemon periodic checks" [_thread_blocked, id=8696, stack(0x000000a2d1900000,0x000000a2d1a00000)]
  0x000001a309fa6800 JavaThread "Cache worker for journal cache (C:\Users\Admin\.gradle\caches\journal-1)" [_thread_blocked, id=7320, stack(0x000000a2d2600000,0x000000a2d2700000)]
  0x000001a309fa9800 JavaThread "File lock request listener" [_thread_in_native, id=11200, stack(0x000000a2d2700000,0x000000a2d2800000)]
  0x000001a309fa5800 JavaThread "Cache worker for file hash cache (C:\Users\Admin\.gradle\caches\7.4\fileHashes)" [_thread_blocked, id=12576, stack(0x000000a2d2800000,0x000000a2d2900000)]
  0x000001a309fa9000 JavaThread "File watcher server" daemon [_thread_in_native, id=8648, stack(0x000000a2d2a00000,0x000000a2d2b00000)]
  0x000001a309fa5000 JavaThread "File watcher consumer" daemon [_thread_blocked, id=7996, stack(0x000000a2d2b00000,0x000000a2d2c00000)]
  0x000001a309fb0000 JavaThread "Cache worker for execution history cache (C:\Users\Admin\.gradle\caches\7.4\executionHistory)" [_thread_blocked, id=3480, stack(0x000000a2d3000000,0x000000a2d3100000)]
  0x000001a309fab800 JavaThread "jar transforms" [_thread_blocked, id=13548, stack(0x000000a2d3100000,0x000000a2d3200000)]
  0x000001a309faa800 JavaThread "jar transforms Thread 2" [_thread_blocked, id=9272, stack(0x000000a2d3200000,0x000000a2d3300000)]
  0x000001a309fb2000 JavaThread "Cache worker for file content cache (C:\Users\Admin\.gradle\caches\7.4\fileContent)" [_thread_blocked, id=4136, stack(0x000000a2d3300000,0x000000a2d3400000)]
  0x000001a309fad000 JavaThread "jar transforms Thread 3" [_thread_blocked, id=11128, stack(0x000000a2d3400000,0x000000a2d3500000)]
  0x000001a309faf800 JavaThread "jar transforms Thread 4" [_thread_blocked, id=1812, stack(0x000000a2d3500000,0x000000a2d3600000)]
  0x000001a30a5f2000 JavaThread "jar transforms Thread 5" [_thread_blocked, id=2500, stack(0x000000a2d3600000,0x000000a2d3700000)]
  0x000001a30a5ef800 JavaThread "jar transforms Thread 6" [_thread_blocked, id=10968, stack(0x000000a2d3700000,0x000000a2d3800000)]
  0x000001a30a5f1800 JavaThread "jar transforms Thread 7" [_thread_blocked, id=11356, stack(0x000000a2d3900000,0x000000a2d3a00000)]
  0x000001a30cb18000 JavaThread "jar transforms Thread 8" [_thread_blocked, id=7208, stack(0x000000a2d8b00000,0x000000a2d8c00000)]
  0x000001a30cb1b800 JavaThread "Memory manager" [_thread_blocked, id=2664, stack(0x000000a2d8c00000,0x000000a2d8d00000)]
  0x000001a30cb13800 JavaThread "Daemon Thread 2" [_thread_blocked, id=11880, stack(0x000000a2d0100000,0x000000a2d0200000)]
  0x000001a30cb12800 JavaThread "Handler for socket connection from /127.0.0.1:51612 to /127.0.0.1:51716" [_thread_in_native, id=12692, stack(0x000000a2d0200000,0x000000a2d0300000)]
  0x000001a30cb14000 JavaThread "Cancel handler" [_thread_blocked, id=9636, stack(0x000000a2d0300000,0x000000a2d0400000)]
  0x000001a30cb0f800 JavaThread "Daemon worker Thread 2" [_thread_blocked, id=2148, stack(0x000000a2d1a00000,0x000000a2d1b00000)]
  0x000001a30cb11800 JavaThread "Asynchronous log dispatcher for DefaultDaemonConnection: socket connection from /127.0.0.1:51612 to /127.0.0.1:51716" [_thread_blocked, id=14032, stack(0x000000a2d1b00000,0x000000a2d1c00000)]
  0x000001a30cb15000 JavaThread "Stdin handler" [_thread_blocked, id=3776, stack(0x000000a2d1c00000,0x000000a2d1d00000)]
  0x000001a30cb16000 JavaThread "Daemon client event forwarder" [_thread_blocked, id=13628, stack(0x000000a2d1d00000,0x000000a2d1e00000)]
  0x000001a30cb10000 JavaThread "Cache worker for checksums cache (F:\android_studio_project\Du-an-lam-viec-nhom\.gradle\7.4\checksums)" [_thread_blocked, id=13096, stack(0x000000a2d1f00000,0x000000a2d2000000)]
  0x000001a30cb16800 JavaThread "Cache worker for cache directory md-rule (C:\Users\Admin\.gradle\caches\7.4\md-rule)" [_thread_blocked, id=9640, stack(0x000000a2d2000000,0x000000a2d2100000)]
  0x000001a30cb11000 JavaThread "Cache worker for file hash cache (F:\android_studio_project\Du-an-lam-viec-nhom\.gradle\7.4\fileHashes)" [_thread_blocked, id=10196, stack(0x000000a2d2c00000,0x000000a2d2d00000)]
  0x000001a30cb1a000 JavaThread "Cache worker for cache directory md-supplier (C:\Users\Admin\.gradle\caches\7.4\md-supplier)" [_thread_blocked, id=1628, stack(0x000000a2d2d00000,0x000000a2d2e00000)]
  0x000001a30cb19000 JavaThread "Cache worker for dependencies-accessors (F:\android_studio_project\Du-an-lam-viec-nhom\.gradle\7.4\dependencies-accessors)" [_thread_blocked, id=10400, stack(0x000000a2d2e00000,0x000000a2d2f00000)]
  0x000001a30cb1a800 JavaThread "Cache worker for Build Output Cleanup Cache (F:\android_studio_project\Du-an-lam-viec-nhom\.gradle\buildOutputCleanup)" [_thread_blocked, id=9740, stack(0x000000a2d2f00000,0x000000a2d3000000)]
  0x000001a30cb1c800 JavaThread "Unconstrained build operations" [_thread_blocked, id=7692, stack(0x000000a2d3800000,0x000000a2d3900000)]
  0x000001a30cb1d000 JavaThread "Unconstrained build operations Thread 2" [_thread_blocked, id=13192, stack(0x000000a2d3a00000,0x000000a2d3b00000)]
  0x000001a30cb17800 JavaThread "Unconstrained build operations Thread 3" [_thread_blocked, id=1868, stack(0x000000a2d3b00000,0x000000a2d3c00000)]
  0x000001a30cb1e000 JavaThread "Unconstrained build operations Thread 4" [_thread_blocked, id=14016, stack(0x000000a2d3c00000,0x000000a2d3d00000)]
  0x000001a30a5ed800 JavaThread "Unconstrained build operations Thread 5" [_thread_blocked, id=10680, stack(0x000000a2d3d00000,0x000000a2d3e00000)]
  0x000001a30a5ef000 JavaThread "Unconstrained build operations Thread 6" [_thread_blocked, id=13552, stack(0x000000a2d3e00000,0x000000a2d3f00000)]
  0x000001a30a5f4000 JavaThread "Unconstrained build operations Thread 7" [_thread_blocked, id=9680, stack(0x000000a2d3f00000,0x000000a2d4000000)]
  0x000001a30a5f0800 JavaThread "Unconstrained build operations Thread 8" [_thread_blocked, id=8232, stack(0x000000a2d4000000,0x000000a2d4100000)]
  0x000001a30a5ee000 JavaThread "Unconstrained build operations Thread 9" [_thread_blocked, id=7028, stack(0x000000a2d4100000,0x000000a2d4200000)]
  0x000001a30a5f8000 JavaThread "Unconstrained build operations Thread 10" [_thread_blocked, id=8928, stack(0x000000a2d4200000,0x000000a2d4300000)]
  0x000001a30a5f7000 JavaThread "Unconstrained build operations Thread 11" [_thread_blocked, id=13104, stack(0x000000a2d4300000,0x000000a2d4400000)]
  0x000001a30a5f8800 JavaThread "Unconstrained build operations Thread 12" [_thread_blocked, id=3260, stack(0x000000a2d4400000,0x000000a2d4500000)]
  0x000001a30a5f4800 JavaThread "Unconstrained build operations Thread 13" [_thread_blocked, id=10892, stack(0x000000a2d4500000,0x000000a2d4600000)]
  0x000001a30a5f5800 JavaThread "Unconstrained build operations Thread 14" [_thread_blocked, id=760, stack(0x000000a2d4600000,0x000000a2d4700000)]
  0x000001a30a5f3000 JavaThread "Unconstrained build operations Thread 15" [_thread_blocked, id=912, stack(0x000000a2d4700000,0x000000a2d4800000)]
  0x000001a30a5fa800 JavaThread "Unconstrained build operations Thread 16" [_thread_blocked, id=2996, stack(0x000000a2d4800000,0x000000a2d4900000)]
  0x000001a30a5fb000 JavaThread "Unconstrained build operations Thread 17" [_thread_blocked, id=6472, stack(0x000000a2d4900000,0x000000a2d4a00000)]
  0x000001a30a5f9800 JavaThread "Unconstrained build operations Thread 18" [_thread_blocked, id=7492, stack(0x000000a2d4a00000,0x000000a2d4b00000)]
  0x000001a30a5f6800 JavaThread "Unconstrained build operations Thread 19" [_thread_blocked, id=9792, stack(0x000000a2d4b00000,0x000000a2d4c00000)]
  0x000001a30a5fc000 JavaThread "Unconstrained build operations Thread 20" [_thread_blocked, id=10516, stack(0x000000a2d4c00000,0x000000a2d4d00000)]
  0x000001a308ea0000 JavaThread "Unconstrained build operations Thread 21" [_thread_blocked, id=13272, stack(0x000000a2d4d00000,0x000000a2d4e00000)]
  0x000001a308e9f800 JavaThread "Unconstrained build operations Thread 22" [_thread_blocked, id=6924, stack(0x000000a2d4e00000,0x000000a2d4f00000)]
  0x000001a308e9c000 JavaThread "Unconstrained build operations Thread 23" [_thread_blocked, id=12948, stack(0x000000a2d4f00000,0x000000a2d5000000)]
  0x000001a308ea1000 JavaThread "Unconstrained build operations Thread 24" [_thread_blocked, id=14248, stack(0x000000a2d5000000,0x000000a2d5100000)]
  0x000001a308ea2000 JavaThread "Unconstrained build operations Thread 25" [_thread_blocked, id=14120, stack(0x000000a2d5100000,0x000000a2d5200000)]
  0x000001a308ea2800 JavaThread "Unconstrained build operations Thread 26" [_thread_blocked, id=2268, stack(0x000000a2d5200000,0x000000a2d5300000)]
  0x000001a309fa7000 JavaThread "Unconstrained build operations Thread 27" [_thread_blocked, id=13736, stack(0x000000a2d5300000,0x000000a2d5400000)]
  0x000001a309fa8000 JavaThread "Unconstrained build operations Thread 28" [_thread_blocked, id=12052, stack(0x000000a2d5400000,0x000000a2d5500000)]
  0x000001a309fa4000 JavaThread "Unconstrained build operations Thread 29" [_thread_blocked, id=3292, stack(0x000000a2d5500000,0x000000a2d5600000)]
  0x000001a309fae800 JavaThread "Unconstrained build operations Thread 30" [_thread_blocked, id=3652, stack(0x000000a2d5600000,0x000000a2d5700000)]
  0x000001a309fae000 JavaThread "Unconstrained build operations Thread 31" [_thread_blocked, id=5380, stack(0x000000a2d5700000,0x000000a2d5800000)]
  0x000001a3084e1000 JavaThread "Unconstrained build operations Thread 32" [_thread_blocked, id=11580, stack(0x000000a2d5800000,0x000000a2d5900000)]
  0x000001a3084e2000 JavaThread "Unconstrained build operations Thread 33" [_thread_blocked, id=12320, stack(0x000000a2d5900000,0x000000a2d5a00000)]
  0x000001a3084e2800 JavaThread "Unconstrained build operations Thread 34" [_thread_blocked, id=12860, stack(0x000000a2d5a00000,0x000000a2d5b00000)]
  0x000001a3084e3800 JavaThread "Unconstrained build operations Thread 35" [_thread_blocked, id=1732, stack(0x000000a2d5b00000,0x000000a2d5c00000)]
  0x000001a3084e4000 JavaThread "Unconstrained build operations Thread 36" [_thread_blocked, id=7580, stack(0x000000a2d5c00000,0x000000a2d5d00000)]
  0x000001a3084e5000 JavaThread "Unconstrained build operations Thread 37" [_thread_blocked, id=1260, stack(0x000000a2d5d00000,0x000000a2d5e00000)]
  0x000001a3084e6000 JavaThread "Unconstrained build operations Thread 38" [_thread_blocked, id=9712, stack(0x000000a2d5e00000,0x000000a2d5f00000)]
  0x000001a3084e0000 JavaThread "Unconstrained build operations Thread 39" [_thread_blocked, id=1232, stack(0x000000a2d5f00000,0x000000a2d6000000)]
  0x000001a3084e6800 JavaThread "Unconstrained build operations Thread 40" [_thread_blocked, id=10284, stack(0x000000a2d6000000,0x000000a2d6100000)]
  0x000001a3084ed000 JavaThread "Unconstrained build operations Thread 41" [_thread_blocked, id=12168, stack(0x000000a2d6100000,0x000000a2d6200000)]
  0x000001a3084eb800 JavaThread "Unconstrained build operations Thread 42" [_thread_blocked, id=13792, stack(0x000000a2d6200000,0x000000a2d6300000)]
  0x000001a3084ec800 JavaThread "Unconstrained build operations Thread 43" [_thread_blocked, id=14084, stack(0x000000a2d6300000,0x000000a2d6400000)]
  0x000001a3084e7800 JavaThread "Unconstrained build operations Thread 44" [_thread_blocked, id=1584, stack(0x000000a2d6400000,0x000000a2d6500000)]
  0x000001a3084e9000 JavaThread "Unconstrained build operations Thread 45" [_thread_blocked, id=6688, stack(0x000000a2d6500000,0x000000a2d6600000)]
  0x000001a3084ee000 JavaThread "Unconstrained build operations Thread 46" [_thread_blocked, id=10756, stack(0x000000a2d6600000,0x000000a2d6700000)]
  0x000001a3084e8800 JavaThread "Unconstrained build operations Thread 47" [_thread_blocked, id=9212, stack(0x000000a2d6700000,0x000000a2d6800000)]
  0x000001a3084ea800 JavaThread "Unconstrained build operations Thread 48" [_thread_blocked, id=4204, stack(0x000000a2d6800000,0x000000a2d6900000)]
  0x000001a3084ef000 JavaThread "Unconstrained build operations Thread 49" [_thread_blocked, id=12468, stack(0x000000a2d6900000,0x000000a2d6a00000)]
  0x000001a3084ea000 JavaThread "Unconstrained build operations Thread 50" [_thread_blocked, id=4148, stack(0x000000a2d6a00000,0x000000a2d6b00000)]
  0x000001a30bf6d000 JavaThread "Unconstrained build operations Thread 51" [_thread_blocked, id=6544, stack(0x000000a2d6b00000,0x000000a2d6c00000)]
  0x000001a30bf6e000 JavaThread "Unconstrained build operations Thread 52" [_thread_blocked, id=14240, stack(0x000000a2d6c00000,0x000000a2d6d00000)]
  0x000001a30bf6a800 JavaThread "Unconstrained build operations Thread 53" [_thread_blocked, id=11588, stack(0x000000a2d6d00000,0x000000a2d6e00000)]
  0x000001a30bf68800 JavaThread "Unconstrained build operations Thread 54" [_thread_blocked, id=6676, stack(0x000000a2d6e00000,0x000000a2d6f00000)]
  0x000001a30bf6f000 JavaThread "Unconstrained build operations Thread 55" [_thread_blocked, id=13684, stack(0x000000a2d6f00000,0x000000a2d7000000)]
  0x000001a30bf69000 JavaThread "Unconstrained build operations Thread 56" [_thread_blocked, id=11568, stack(0x000000a2d7000000,0x000000a2d7100000)]
  0x000001a30bf6f800 JavaThread "Unconstrained build operations Thread 57" [_thread_blocked, id=3980, stack(0x000000a2d7100000,0x000000a2d7200000)]
  0x000001a30bf6a000 JavaThread "Unconstrained build operations Thread 58" [_thread_blocked, id=5912, stack(0x000000a2d7200000,0x000000a2d7300000)]
  0x000001a30bf71800 JavaThread "Unconstrained build operations Thread 59" [_thread_blocked, id=13092, stack(0x000000a2d7300000,0x000000a2d7400000)]
  0x000001a30bf70800 JavaThread "Unconstrained build operations Thread 60" [_thread_blocked, id=12280, stack(0x000000a2d7400000,0x000000a2d7500000)]
  0x000001a30bf6b800 JavaThread "Unconstrained build operations Thread 61" [_thread_blocked, id=13424, stack(0x000000a2d7500000,0x000000a2d7600000)]
  0x000001a30bf72000 JavaThread "Unconstrained build operations Thread 62" [_thread_blocked, id=7464, stack(0x000000a2d7600000,0x000000a2d7700000)]
  0x000001a30bf6c800 JavaThread "Unconstrained build operations Thread 63" [_thread_blocked, id=11316, stack(0x000000a2d7700000,0x000000a2d7800000)]
  0x000001a30bf77000 JavaThread "Unconstrained build operations Thread 64" [_thread_blocked, id=9300, stack(0x000000a2d7800000,0x000000a2d7900000)]
  0x000001a30bf76000 JavaThread "Unconstrained build operations Thread 65" [_thread_blocked, id=1176, stack(0x000000a2d7900000,0x000000a2d7a00000)]
  0x000001a30bf74800 JavaThread "Unconstrained build operations Thread 66" [_thread_blocked, id=11712, stack(0x000000a2d7a00000,0x000000a2d7b00000)]
  0x000001a30bf73000 JavaThread "Unconstrained build operations Thread 67" [_thread_blocked, id=8148, stack(0x000000a2d7b00000,0x000000a2d7c00000)]
  0x000001a30bf73800 JavaThread "Unconstrained build operations Thread 68" [_thread_blocked, id=7108, stack(0x000000a2d7c00000,0x000000a2d7d00000)]
  0x000001a30bf75800 JavaThread "Unconstrained build operations Thread 69" [_thread_blocked, id=1280, stack(0x000000a2d7d00000,0x000000a2d7e00000)]
  0x000001a310a01000 JavaThread "Unconstrained build operations Thread 70" [_thread_blocked, id=11664, stack(0x000000a2d7e00000,0x000000a2d7f00000)]
  0x000001a310a03800 JavaThread "Unconstrained build operations Thread 71" [_thread_blocked, id=12084, stack(0x000000a2d7f00000,0x000000a2d8000000)]
  0x000001a310a01800 JavaThread "Unconstrained build operations Thread 72" [_thread_blocked, id=5076, stack(0x000000a2d8000000,0x000000a2d8100000)]
  0x000001a310a02800 JavaThread "Unconstrained build operations Thread 73" [_thread_blocked, id=14284, stack(0x000000a2d8100000,0x000000a2d8200000)]
  0x000001a3109fd800 JavaThread "Unconstrained build operations Thread 74" [_thread_blocked, id=10700, stack(0x000000a2d8200000,0x000000a2d8300000)]
  0x000001a310a04000 JavaThread "Unconstrained build operations Thread 75" [_thread_blocked, id=12380, stack(0x000000a2d8300000,0x000000a2d8400000)]
  0x000001a310a00000 JavaThread "Unconstrained build operations Thread 76" [_thread_blocked, id=14180, stack(0x000000a2d8400000,0x000000a2d8500000)]
  0x000001a3109fe800 JavaThread "Unconstrained build operations Thread 77" [_thread_blocked, id=7036, stack(0x000000a2d8500000,0x000000a2d8600000)]
  0x000001a310a05000 JavaThread "Unconstrained build operations Thread 78" [_thread_blocked, id=12060, stack(0x000000a2d8600000,0x000000a2d8700000)]
  0x000001a3109ff800 JavaThread "Unconstrained build operations Thread 79" [_thread_blocked, id=5400, stack(0x000000a2d8700000,0x000000a2d8800000)]
  0x000001a310a06000 JavaThread "Unconstrained build operations Thread 80" [_thread_blocked, id=11828, stack(0x000000a2d8800000,0x000000a2d8900000)]
  0x000001a310a0c800 JavaThread "included builds" [_thread_blocked, id=12256, stack(0x000000a2d8900000,0x000000a2d8a00000)]
  0x000001a310a0b800 JavaThread "Cache worker for execution history cache (F:\android_studio_project\Du-an-lam-viec-nhom\.gradle\7.4\executionHistory)" [_thread_blocked, id=4156, stack(0x000000a2d9100000,0x000000a2d9200000)]

Other Threads:
=>0x000001a30741e000 VMThread "VM Thread" [stack: 0x000000a2d0a00000,0x000000a2d0b00000] [id=7400]
  0x000001a307f3b000 WatcherThread [stack: 0x000000a2d1400000,0x000000a2d1500000] [id=9756]
  0x000001a36cefc800 GCTaskThread "GC Thread#0" [stack: 0x000000a2d0500000,0x000000a2d0600000] [id=4312]
  0x000001a308953800 GCTaskThread "GC Thread#1" [stack: 0x000000a2d1500000,0x000000a2d1600000] [id=12992]
  0x000001a30832f800 GCTaskThread "GC Thread#2" [stack: 0x000000a2d1600000,0x000000a2d1700000] [id=13352]
  0x000001a309848800 GCTaskThread "GC Thread#3" [stack: 0x000000a2d2100000,0x000000a2d2200000] [id=13308]
  0x000001a309c2b800 GCTaskThread "GC Thread#4" [stack: 0x000000a2d2200000,0x000000a2d2300000] [id=7024]
  0x000001a309d0b800 GCTaskThread "GC Thread#5" [stack: 0x000000a2d2300000,0x000000a2d2400000] [id=10300]
  0x000001a30907c800 GCTaskThread "GC Thread#6" [stack: 0x000000a2d2400000,0x000000a2d2500000] [id=1068]
  0x000001a30a21e800 GCTaskThread "GC Thread#7" [stack: 0x000000a2d2500000,0x000000a2d2600000] [id=6216]
  0x000001a36cf2c800 ConcurrentGCThread "G1 Main Marker" [stack: 0x000000a2d0600000,0x000000a2d0700000] [id=5028]
  0x000001a36cf2d800 ConcurrentGCThread "G1 Conc#0" [stack: 0x000000a2d0700000,0x000000a2d0800000] [id=9200]
  0x000001a308d5c800 ConcurrentGCThread "G1 Conc#1" [stack: 0x000000a2d2900000,0x000000a2d2a00000] [id=1436]
  0x000001a307270800 ConcurrentGCThread "G1 Refine#0" [stack: 0x000000a2d0800000,0x000000a2d0900000] [id=6384]
  0x000001a307271000 ConcurrentGCThread "G1 Young RemSet Sampling" [stack: 0x000000a2d0900000,0x000000a2d0a00000] [id=8656]

Threads with active compile tasks:
C2 CompilerThread0 292293 11676       4       java.lang.invoke.DirectMethodHandle$Holder::invokeStatic (18 bytes)
C1 CompilerThread0 292293 11678       3       java.util.stream.Collectors::mapping (46 bytes)

VM state:at safepoint (normal execution)

VM Mutex/Monitor currently owned by a thread:  ([mutex/lock_event])
[0x000001a36cede580] Threads_lock - owner thread: 0x000001a30741e000
[0x000001a36cedda40] Heap_lock - owner thread: 0x000001a309fa6800

Heap address: 0x0000000080000000, size: 2048 MB, Compressed Oops mode: 32-bit
Narrow klass base: 0x0000000000000000, Narrow klass shift: 3
Compressed class space size: 1073741824 Address: 0x0000000100000000

Heap:
 garbage-first heap   total 286720K, used 156673K [0x0000000080000000, 0x0000000100000000)
  region size 1024K, 3 young (3072K), 3 survivors (3072K)
 Metaspace       used 98794K, capacity 101751K, committed 101884K, reserved 1138688K
  class space    used 12669K, capacity 13663K, committed 13772K, reserved 1048576K
Heap Regions: E=young(eden), S=young(survivor), O=old, HS=humongous(starts), HC=humongous(continues), CS=collection set, F=free, A=archive, TAMS=top-at-mark-start (previous, next)
|   0|0x0000000080000000, 0x0000000080100000, 0x0000000080100000|100%| O|  |TAMS 0x0000000080100000, 0x0000000080000000| Untracked 
|   1|0x0000000080100000, 0x0000000080200000, 0x0000000080200000|100%| O|  |TAMS 0x0000000080200000, 0x0000000080100000| Untracked 
|   2|0x0000000080200000, 0x0000000080300000, 0x0000000080300000|100%| O|  |TAMS 0x0000000080300000, 0x0000000080200000| Untracked 
|   3|0x0000000080300000, 0x0000000080400000, 0x0000000080400000|100%|HS|  |TAMS 0x0000000080400000, 0x0000000080300000| Complete 
|   4|0x0000000080400000, 0x0000000080500000, 0x0000000080500000|100%|HC|  |TAMS 0x0000000080500000, 0x0000000080400000| Complete 
|   5|0x0000000080500000, 0x0000000080600000, 0x0000000080600000|100%|HC|  |TAMS 0x0000000080600000, 0x0000000080500000| Complete 
|   6|0x0000000080600000, 0x0000000080700000, 0x0000000080700000|100%| O|  |TAMS 0x0000000080700000, 0x0000000080600000| Untracked 
|   7|0x0000000080700000, 0x0000000080800000, 0x0000000080800000|100%| O|  |TAMS 0x0000000080800000, 0x0000000080700000| Untracked 
|   8|0x0000000080800000, 0x0000000080900000, 0x0000000080900000|100%| O|  |TAMS 0x0000000080900000, 0x0000000080800000| Untracked 
|   9|0x0000000080900000, 0x0000000080a00000, 0x0000000080a00000|100%| O|  |TAMS 0x0000000080a00000, 0x0000000080900000| Untracked 
|  10|0x0000000080a00000, 0x0000000080b00000, 0x0000000080b00000|100%| O|  |TAMS 0x0000000080b00000, 0x0000000080a00000| Untracked 
|  11|0x0000000080b00000, 0x0000000080c00000, 0x0000000080c00000|100%| O|  |TAMS 0x0000000080c00000, 0x0000000080b00000| Untracked 
|  12|0x0000000080c00000, 0x0000000080d00000, 0x0000000080d00000|100%| O|  |TAMS 0x0000000080d00000, 0x0000000080c00000| Untracked 
|  13|0x0000000080d00000, 0x0000000080e00000, 0x0000000080e00000|100%| O|  |TAMS 0x0000000080e00000, 0x0000000080d00000| Untracked 
|  14|0x0000000080e00000, 0x0000000080f00000, 0x0000000080f00000|100%| O|  |TAMS 0x0000000080f00000, 0x0000000080e00000| Untracked 
|  15|0x0000000080f00000, 0x0000000081000000, 0x0000000081000000|100%| O|  |TAMS 0x0000000081000000, 0x0000000080f00000| Untracked 
|  16|0x0000000081000000, 0x0000000081100000, 0x0000000081100000|100%|HS|  |TAMS 0x0000000081100000, 0x0000000081000000| Complete 
|  17|0x0000000081100000, 0x0000000081200000, 0x0000000081200000|100%| O|  |TAMS 0x0000000081200000, 0x0000000081100000| Untracked 
|  18|0x0000000081200000, 0x0000000081300000, 0x0000000081300000|100%| O|  |TAMS 0x0000000081300000, 0x0000000081200000| Untracked 
|  19|0x0000000081300000, 0x0000000081400000, 0x0000000081400000|100%| O|  |TAMS 0x0000000081400000, 0x0000000081300000| Untracked 
|  20|0x0000000081400000, 0x0000000081500000, 0x0000000081500000|100%| O|  |TAMS 0x0000000081500000, 0x0000000081400000| Untracked 
|  21|0x0000000081500000, 0x0000000081600000, 0x0000000081600000|100%| O|  |TAMS 0x0000000081600000, 0x0000000081500000| Untracked 
|  22|0x0000000081600000, 0x0000000081700000, 0x0000000081700000|100%| O|  |TAMS 0x0000000081700000, 0x0000000081600000| Untracked 
|  23|0x0000000081700000, 0x0000000081800000, 0x0000000081800000|100%| O|  |TAMS 0x0000000081800000, 0x0000000081700000| Untracked 
|  24|0x0000000081800000, 0x0000000081900000, 0x0000000081900000|100%| O|  |TAMS 0x0000000081900000, 0x0000000081800000| Untracked 
|  25|0x0000000081900000, 0x0000000081a00000, 0x0000000081a00000|100%| O|  |TAMS 0x0000000081a00000, 0x0000000081900000| Untracked 
|  26|0x0000000081a00000, 0x0000000081b00000, 0x0000000081b00000|100%| O|  |TAMS 0x0000000081b00000, 0x0000000081a00000| Untracked 
|  27|0x0000000081b00000, 0x0000000081c00000, 0x0000000081c00000|100%| O|  |TAMS 0x0000000081c00000, 0x0000000081b00000| Untracked 
|  28|0x0000000081c00000, 0x0000000081d00000, 0x0000000081d00000|100%| O|  |TAMS 0x0000000081d00000, 0x0000000081c00000| Untracked 
|  29|0x0000000081d00000, 0x0000000081e00000, 0x0000000081e00000|100%|HS|  |TAMS 0x0000000081e00000, 0x0000000081d00000| Complete 
|  30|0x0000000081e00000, 0x0000000081f00000, 0x0000000081f00000|100%| O|  |TAMS 0x0000000081f00000, 0x0000000081e00000| Untracked 
|  31|0x0000000081f00000, 0x0000000082000000, 0x0000000082000000|100%|HS|  |TAMS 0x0000000082000000, 0x0000000081f00000| Complete 
|  32|0x0000000082000000, 0x0000000082100000, 0x0000000082100000|100%|HC|  |TAMS 0x0000000082100000, 0x0000000082000000| Complete 
|  33|0x0000000082100000, 0x0000000082200000, 0x0000000082200000|100%| O|  |TAMS 0x0000000082200000, 0x0000000082100000| Untracked 
|  34|0x0000000082200000, 0x0000000082300000, 0x0000000082300000|100%| O|  |TAMS 0x0000000082300000, 0x0000000082200000| Untracked 
|  35|0x0000000082300000, 0x0000000082400000, 0x0000000082400000|100%| O|  |TAMS 0x0000000082400000, 0x0000000082300000| Untracked 
|  36|0x0000000082400000, 0x0000000082500000, 0x0000000082500000|100%| O|  |TAMS 0x0000000082500000, 0x0000000082400000| Untracked 
|  37|0x0000000082500000, 0x0000000082600000, 0x0000000082600000|100%| O|  |TAMS 0x0000000082600000, 0x0000000082500000| Untracked 
|  38|0x0000000082600000, 0x0000000082700000, 0x0000000082700000|100%| O|  |TAMS 0x0000000082700000, 0x0000000082600000| Untracked 
|  39|0x0000000082700000, 0x0000000082800000, 0x0000000082800000|100%| O|  |TAMS 0x0000000082800000, 0x0000000082700000| Untracked 
|  40|0x0000000082800000, 0x0000000082900000, 0x0000000082900000|100%| O|  |TAMS 0x0000000082900000, 0x0000000082800000| Untracked 
|  41|0x0000000082900000, 0x0000000082a00000, 0x0000000082a00000|100%| O|  |TAMS 0x0000000082a00000, 0x0000000082900000| Untracked 
|  42|0x0000000082a00000, 0x0000000082b00000, 0x0000000082b00000|100%| O|  |TAMS 0x0000000082b00000, 0x0000000082a00000| Untracked 
|  43|0x0000000082b00000, 0x0000000082c00000, 0x0000000082c00000|100%| O|  |TAMS 0x0000000082c00000, 0x0000000082b00000| Untracked 
|  44|0x0000000082c00000, 0x0000000082d00000, 0x0000000082d00000|100%| O|  |TAMS 0x0000000082d00000, 0x0000000082c00000| Untracked 
|  45|0x0000000082d00000, 0x0000000082e00000, 0x0000000082e00000|100%| O|  |TAMS 0x0000000082e00000, 0x0000000082d00000| Untracked 
|  46|0x0000000082e00000, 0x0000000082f00000, 0x0000000082f00000|100%| O|  |TAMS 0x0000000082f00000, 0x0000000082e00000| Untracked 
|  47|0x0000000082f00000, 0x0000000083000000, 0x0000000083000000|100%| O|  |TAMS 0x0000000083000000, 0x0000000082f00000| Untracked 
|  48|0x0000000083000000, 0x0000000083100000, 0x0000000083100000|100%| O|  |TAMS 0x0000000083100000, 0x0000000083000000| Untracked 
|  49|0x0000000083100000, 0x0000000083200000, 0x0000000083200000|100%| O|  |TAMS 0x0000000083200000, 0x0000000083100000| Untracked 
|  50|0x0000000083200000, 0x0000000083300000, 0x0000000083300000|100%| O|  |TAMS 0x0000000083300000, 0x0000000083200000| Untracked 
|  51|0x0000000083300000, 0x0000000083400000, 0x0000000083400000|100%| O|  |TAMS 0x0000000083400000, 0x0000000083300000| Untracked 
|  52|0x0000000083400000, 0x0000000083500000, 0x0000000083500000|100%| O|  |TAMS 0x0000000083500000, 0x0000000083400000| Untracked 
|  53|0x0000000083500000, 0x0000000083600000, 0x0000000083600000|100%| O|  |TAMS 0x0000000083600000, 0x0000000083500000| Untracked 
|  54|0x0000000083600000, 0x0000000083700000, 0x0000000083700000|100%| O|  |TAMS 0x0000000083700000, 0x0000000083600000| Untracked 
|  55|0x0000000083700000, 0x0000000083800000, 0x0000000083800000|100%| O|  |TAMS 0x0000000083800000, 0x0000000083700000| Untracked 
|  56|0x0000000083800000, 0x0000000083900000, 0x0000000083900000|100%| O|  |TAMS 0x0000000083900000, 0x0000000083800000| Untracked 
|  57|0x0000000083900000, 0x0000000083a00000, 0x0000000083a00000|100%| O|  |TAMS 0x0000000083a00000, 0x0000000083900000| Untracked 
|  58|0x0000000083a00000, 0x0000000083b00000, 0x0000000083b00000|100%| O|  |TAMS 0x0000000083b00000, 0x0000000083a00000| Untracked 
|  59|0x0000000083b00000, 0x0000000083c00000, 0x0000000083c00000|100%| O|  |TAMS 0x0000000083c00000, 0x0000000083b00000| Untracked 
|  60|0x0000000083c00000, 0x0000000083d00000, 0x0000000083d00000|100%| O|  |TAMS 0x0000000083d00000, 0x0000000083c00000| Untracked 
|  61|0x0000000083d00000, 0x0000000083e00000, 0x0000000083e00000|100%| O|  |TAMS 0x0000000083e00000, 0x0000000083d00000| Untracked 
|  62|0x0000000083e00000, 0x0000000083f00000, 0x0000000083f00000|100%|HS|  |TAMS 0x0000000083f00000, 0x0000000083e00000| Complete 
|  63|0x0000000083f00000, 0x0000000084000000, 0x0000000084000000|100%|HC|  |TAMS 0x0000000084000000, 0x0000000083f00000| Complete 
|  64|0x0000000084000000, 0x0000000084100000, 0x0000000084100000|100%|HS|  |TAMS 0x0000000084100000, 0x0000000084000000| Complete 
|  65|0x0000000084100000, 0x0000000084200000, 0x0000000084200000|100%|HC|  |TAMS 0x0000000084200000, 0x0000000084100000| Complete 
|  66|0x0000000084200000, 0x0000000084300000, 0x0000000084300000|100%|HC|  |TAMS 0x0000000084300000, 0x0000000084200000| Complete 
|  67|0x0000000084300000, 0x0000000084400000, 0x0000000084400000|100%|HS|  |TAMS 0x0000000084400000, 0x0000000084300000| Complete 
|  68|0x0000000084400000, 0x0000000084500000, 0x0000000084500000|100%|HC|  |TAMS 0x0000000084500000, 0x0000000084400000| Complete 
|  69|0x0000000084500000, 0x0000000084600000, 0x0000000084600000|100%|HC|  |TAMS 0x0000000084600000, 0x0000000084500000| Complete 
|  70|0x0000000084600000, 0x0000000084700000, 0x0000000084700000|100%|HS|  |TAMS 0x0000000084700000, 0x0000000084600000| Complete 
|  71|0x0000000084700000, 0x0000000084800000, 0x0000000084800000|100%|HC|  |TAMS 0x0000000084800000, 0x0000000084700000| Complete 
|  72|0x0000000084800000, 0x0000000084900000, 0x0000000084900000|100%|HC|  |TAMS 0x0000000084900000, 0x0000000084800000| Complete 
|  73|0x0000000084900000, 0x0000000084a00000, 0x0000000084a00000|100%|HC|  |TAMS 0x0000000084a00000, 0x0000000084900000| Complete 
|  74|0x0000000084a00000, 0x0000000084b00000, 0x0000000084b00000|100%|HC|  |TAMS 0x0000000084b00000, 0x0000000084a00000| Complete 
|  75|0x0000000084b00000, 0x0000000084c00000, 0x0000000084c00000|100%| O|  |TAMS 0x0000000084c00000, 0x0000000084b00000| Untracked 
|  76|0x0000000084c00000, 0x0000000084d00000, 0x0000000084d00000|100%| O|  |TAMS 0x0000000084d00000, 0x0000000084c00000| Untracked 
|  77|0x0000000084d00000, 0x0000000084e00000, 0x0000000084e00000|100%|HS|  |TAMS 0x0000000084e00000, 0x0000000084d00000| Complete 
|  78|0x0000000084e00000, 0x0000000084f00000, 0x0000000084f00000|100%|HS|  |TAMS 0x0000000084f00000, 0x0000000084e00000| Complete 
|  79|0x0000000084f00000, 0x0000000085000000, 0x0000000085000000|100%|HC|  |TAMS 0x0000000085000000, 0x0000000084f00000| Complete 
|  80|0x0000000085000000, 0x0000000085100000, 0x0000000085100000|100%|HC|  |TAMS 0x0000000085100000, 0x0000000085000000| Complete 
|  81|0x0000000085100000, 0x0000000085200000, 0x0000000085200000|100%|HC|  |TAMS 0x0000000085200000, 0x0000000085100000| Complete 
|  82|0x0000000085200000, 0x0000000085300000, 0x0000000085300000|100%| O|  |TAMS 0x0000000085300000, 0x0000000085200000| Untracked 
|  83|0x0000000085300000, 0x0000000085400000, 0x0000000085400000|100%| O|  |TAMS 0x0000000085400000, 0x0000000085300000| Untracked 
|  84|0x0000000085400000, 0x0000000085500000, 0x0000000085500000|100%| O|  |TAMS 0x0000000085500000, 0x0000000085400000| Untracked 
|  85|0x0000000085500000, 0x0000000085600000, 0x0000000085600000|100%|HS|  |TAMS 0x0000000085600000, 0x0000000085500000| Complete 
|  86|0x0000000085600000, 0x0000000085700000, 0x0000000085700000|100%|HC|  |TAMS 0x0000000085700000, 0x0000000085600000| Complete 
|  87|0x0000000085700000, 0x0000000085800000, 0x0000000085800000|100%|HC|  |TAMS 0x0000000085800000, 0x0000000085700000| Complete 
|  88|0x0000000085800000, 0x0000000085900000, 0x0000000085900000|100%|HC|  |TAMS 0x0000000085900000, 0x0000000085800000| Complete 
|  89|0x0000000085900000, 0x0000000085a00000, 0x0000000085a00000|100%|HS|  |TAMS 0x0000000085a00000, 0x0000000085900000| Complete 
|  90|0x0000000085a00000, 0x0000000085b00000, 0x0000000085b00000|100%|HC|  |TAMS 0x0000000085b00000, 0x0000000085a00000| Complete 
|  91|0x0000000085b00000, 0x0000000085c00000, 0x0000000085c00000|100%|HC|  |TAMS 0x0000000085c00000, 0x0000000085b00000| Complete 
|  92|0x0000000085c00000, 0x0000000085d00000, 0x0000000085d00000|100%|HS|  |TAMS 0x0000000085d00000, 0x0000000085c00000| Complete 
|  93|0x0000000085d00000, 0x0000000085e00000, 0x0000000085e00000|100%|HC|  |TAMS 0x0000000085e00000, 0x0000000085d00000| Complete 
|  94|0x0000000085e00000, 0x0000000085f00000, 0x0000000085f00000|100%| O|  |TAMS 0x0000000085f00000, 0x0000000085e00000| Untracked 
|  95|0x0000000085f00000, 0x0000000086000000, 0x0000000086000000|100%|HS|  |TAMS 0x0000000086000000, 0x0000000085f00000| Complete 
|  96|0x0000000086000000, 0x0000000086100000, 0x0000000086100000|100%|HC|  |TAMS 0x0000000086100000, 0x0000000086000000| Complete 
|  97|0x0000000086100000, 0x0000000086200000, 0x0000000086200000|100%|HC|  |TAMS 0x0000000086200000, 0x0000000086100000| Complete 
|  98|0x0000000086200000, 0x0000000086300000, 0x0000000086300000|100%| O|  |TAMS 0x0000000086300000, 0x0000000086200000| Untracked 
|  99|0x0000000086300000, 0x0000000086400000, 0x0000000086400000|100%| O|  |TAMS 0x0000000086400000, 0x0000000086300000| Untracked 
| 100|0x0000000086400000, 0x0000000086500000, 0x0000000086500000|100%| O|  |TAMS 0x0000000086500000, 0x0000000086400000| Untracked 
| 101|0x0000000086500000, 0x0000000086600000, 0x0000000086600000|100%| O|  |TAMS 0x0000000086600000, 0x0000000086500000| Untracked 
| 102|0x0000000086600000, 0x0000000086700000, 0x0000000086700000|100%|HS|  |TAMS 0x0000000086700000, 0x0000000086600000| Complete 
| 103|0x0000000086700000, 0x0000000086800000, 0x0000000086800000|100%|HC|  |TAMS 0x0000000086800000, 0x0000000086700000| Complete 
| 104|0x0000000086800000, 0x0000000086900000, 0x0000000086900000|100%|HC|  |TAMS 0x0000000086900000, 0x0000000086800000| Complete 
| 105|0x0000000086900000, 0x0000000086a00000, 0x0000000086a00000|100%|HC|  |TAMS 0x0000000086a00000, 0x0000000086900000| Complete 
| 106|0x0000000086a00000, 0x0000000086b00000, 0x0000000086b00000|100%|HC|  |TAMS 0x0000000086b00000, 0x0000000086a00000| Complete 
| 107|0x0000000086b00000, 0x0000000086c00000, 0x0000000086c00000|100%| O|  |TAMS 0x0000000086c00000, 0x0000000086b00000| Untracked 
| 108|0x0000000086c00000, 0x0000000086d00000, 0x0000000086d00000|100%| O|  |TAMS 0x0000000086d00000, 0x0000000086c00000| Untracked 
| 109|0x0000000086d00000, 0x0000000086e00000, 0x0000000086e00000|100%| O|  |TAMS 0x0000000086e00000, 0x0000000086d00000| Untracked 
| 110|0x0000000086e00000, 0x0000000086f00000, 0x0000000086f00000|100%| O|  |TAMS 0x0000000086f00000, 0x0000000086e00000| Untracked 
| 111|0x0000000086f00000, 0x0000000087000000, 0x0000000087000000|100%| O|  |TAMS 0x0000000087000000, 0x0000000086f00000| Untracked 
| 112|0x0000000087000000, 0x0000000087100000, 0x0000000087100000|100%|HS|  |TAMS 0x0000000087100000, 0x0000000087000000| Complete 
| 113|0x0000000087100000, 0x0000000087200000, 0x0000000087200000|100%|HC|  |TAMS 0x0000000087200000, 0x0000000087100000| Complete 
| 114|0x0000000087200000, 0x0000000087300000, 0x0000000087300000|100%|HS|  |TAMS 0x0000000087300000, 0x0000000087200000| Complete 
| 115|0x0000000087300000, 0x0000000087400000, 0x0000000087400000|100%|HC|  |TAMS 0x0000000087400000, 0x0000000087300000| Complete 
| 116|0x0000000087400000, 0x0000000087500000, 0x0000000087500000|100%|HC|  |TAMS 0x0000000087500000, 0x0000000087400000| Complete 
| 117|0x0000000087500000, 0x0000000087600000, 0x0000000087600000|100%|HS|  |TAMS 0x0000000087600000, 0x0000000087500000| Complete 
| 118|0x0000000087600000, 0x0000000087700000, 0x0000000087700000|100%|HC|  |TAMS 0x0000000087700000, 0x0000000087600000| Complete 
| 119|0x0000000087700000, 0x0000000087800000, 0x0000000087800000|100%|HC|  |TAMS 0x0000000087800000, 0x0000000087700000| Complete 
| 120|0x0000000087800000, 0x0000000087900000, 0x0000000087900000|100%| O|  |TAMS 0x0000000087900000, 0x0000000087800000| Untracked 
| 121|0x0000000087900000, 0x0000000087a00000, 0x0000000087a00000|100%|HS|  |TAMS 0x0000000087a00000, 0x0000000087900000| Complete 
| 122|0x0000000087a00000, 0x0000000087b00000, 0x0000000087b00000|100%|HS|  |TAMS 0x0000000087b00000, 0x0000000087a00000| Complete 
| 123|0x0000000087b00000, 0x0000000087c00000, 0x0000000087c00000|100%|HC|  |TAMS 0x0000000087c00000, 0x0000000087b00000| Complete 
| 124|0x0000000087c00000, 0x0000000087d00000, 0x0000000087d00000|100%|HC|  |TAMS 0x0000000087d00000, 0x0000000087c00000| Complete 
| 125|0x0000000087d00000, 0x0000000087e00000, 0x0000000087e00000|100%|HC|  |TAMS 0x0000000087e00000, 0x0000000087d00000| Complete 
| 126|0x0000000087e00000, 0x0000000087f00000, 0x0000000087f00000|100%|HS|  |TAMS 0x0000000087f00000, 0x0000000087e00000| Complete 
| 127|0x0000000087f00000, 0x0000000088000000, 0x0000000088000000|100%|HC|  |TAMS 0x0000000088000000, 0x0000000087f00000| Complete 
| 128|0x0000000088000000, 0x0000000088100000, 0x0000000088100000|100%|HC|  |TAMS 0x0000000088100000, 0x0000000088000000| Complete 
| 129|0x0000000088100000, 0x0000000088200000, 0x0000000088200000|100%|HC|  |TAMS 0x0000000088200000, 0x0000000088100000| Complete 
| 130|0x0000000088200000, 0x0000000088300000, 0x0000000088300000|100%|HC|  |TAMS 0x0000000088300000, 0x0000000088200000| Complete 
| 131|0x0000000088300000, 0x0000000088400000, 0x0000000088400000|100%| O|  |TAMS 0x0000000088400000, 0x0000000088300000| Untracked 
| 132|0x0000000088400000, 0x0000000088500000, 0x0000000088500000|100%| O|  |TAMS 0x0000000088500000, 0x0000000088400000| Untracked 
| 133|0x0000000088500000, 0x0000000088600000, 0x0000000088600000|100%| O|  |TAMS 0x0000000088600000, 0x0000000088500000| Untracked 
| 134|0x0000000088600000, 0x0000000088700000, 0x0000000088700000|100%| O|  |TAMS 0x0000000088700000, 0x0000000088600000| Untracked 
| 135|0x0000000088700000, 0x0000000088800000, 0x0000000088800000|100%| O|  |TAMS 0x0000000088800000, 0x0000000088700000| Untracked 
| 136|0x0000000088800000, 0x0000000088900000, 0x0000000088900000|100%| O|  |TAMS 0x0000000088900000, 0x0000000088800000| Untracked 
| 137|0x0000000088900000, 0x0000000088a00000, 0x0000000088a00000|100%| O|  |TAMS 0x0000000088a00000, 0x0000000088900000| Untracked 
| 138|0x0000000088a00000, 0x0000000088b00000, 0x0000000088b00000|100%| O|  |TAMS 0x0000000088b00000, 0x0000000088a00000| Untracked 
| 139|0x0000000088b00000, 0x0000000088c00000, 0x0000000088c00000|100%| O|  |TAMS 0x0000000088c00000, 0x0000000088b00000| Untracked 
| 140|0x0000000088c00000, 0x0000000088d00000, 0x0000000088d00000|100%| O|  |TAMS 0x0000000088d00000, 0x0000000088c00000| Untracked 
| 141|0x0000000088d00000, 0x0000000088e00000, 0x0000000088e00000|100%| O|  |TAMS 0x0000000088e00000, 0x0000000088d00000| Untracked 
| 142|0x0000000088e00000, 0x0000000088f00000, 0x0000000088f00000|100%| O|  |TAMS 0x0000000088f00000, 0x0000000088e00000| Untracked 
| 143|0x0000000088f00000, 0x0000000089000000, 0x0000000089000000|100%| O|  |TAMS 0x0000000089000000, 0x0000000088f00000| Untracked 
| 144|0x0000000089000000, 0x0000000089100000, 0x0000000089100000|100%| O|  |TAMS 0x0000000089100000, 0x0000000089000000| Untracked 
| 145|0x0000000089100000, 0x0000000089200000, 0x0000000089200000|100%| O|  |TAMS 0x0000000089200000, 0x0000000089100000| Untracked 
| 146|0x0000000089200000, 0x0000000089300000, 0x0000000089300000|100%| O|  |TAMS 0x00000000892a9c00, 0x0000000089200000| Untracked 
| 147|0x0000000089300000, 0x0000000089400000, 0x0000000089400000|100%| O|  |TAMS 0x0000000089300000, 0x0000000089300000| Untracked 
| 148|0x0000000089400000, 0x0000000089500000, 0x0000000089500000|100%| O|  |TAMS 0x0000000089400000, 0x0000000089400000| Untracked 
| 149|0x0000000089500000, 0x0000000089600000, 0x0000000089600000|100%| O|  |TAMS 0x0000000089500000, 0x0000000089500000| Untracked 
| 150|0x0000000089600000, 0x000000008963e400, 0x0000000089700000| 24%| O|  |TAMS 0x0000000089600000, 0x0000000089600000| Untracked 
| 151|0x0000000089700000, 0x0000000089700000, 0x0000000089800000|  0%| F|  |TAMS 0x0000000089700000, 0x0000000089700000| Untracked 
| 152|0x0000000089800000, 0x0000000089800000, 0x0000000089900000|  0%| F|  |TAMS 0x0000000089800000, 0x0000000089800000| Untracked 
| 153|0x0000000089900000, 0x0000000089900000, 0x0000000089a00000|  0%| F|  |TAMS 0x0000000089900000, 0x0000000089900000| Untracked 
| 154|0x0000000089a00000, 0x0000000089a00000, 0x0000000089b00000|  0%| F|  |TAMS 0x0000000089a00000, 0x0000000089a00000| Untracked 
| 155|0x0000000089b00000, 0x0000000089b00000, 0x0000000089c00000|  0%| F|  |TAMS 0x0000000089b00000, 0x0000000089b00000| Untracked 
| 156|0x0000000089c00000, 0x0000000089c00000, 0x0000000089d00000|  0%| F|  |TAMS 0x0000000089c00000, 0x0000000089c00000| Untracked 
| 157|0x0000000089d00000, 0x0000000089d00000, 0x0000000089e00000|  0%| F|  |TAMS 0x0000000089d00000, 0x0000000089d00000| Untracked 
| 158|0x0000000089e00000, 0x0000000089e00000, 0x0000000089f00000|  0%| F|  |TAMS 0x0000000089e00000, 0x0000000089e00000| Untracked 
| 159|0x0000000089f00000, 0x0000000089f00000, 0x000000008a000000|  0%| F|  |TAMS 0x0000000089f00000, 0x0000000089f00000| Untracked 
| 160|0x000000008a000000, 0x000000008a000000, 0x000000008a100000|  0%| F|  |TAMS 0x000000008a000000, 0x000000008a000000| Untracked 
| 161|0x000000008a100000, 0x000000008a100000, 0x000000008a200000|  0%| F|  |TAMS 0x000000008a100000, 0x000000008a100000| Untracked 
| 162|0x000000008a200000, 0x000000008a200000, 0x000000008a300000|  0%| F|  |TAMS 0x000000008a200000, 0x000000008a200000| Untracked 
| 163|0x000000008a300000, 0x000000008a300000, 0x000000008a400000|  0%| F|  |TAMS 0x000000008a300000, 0x000000008a300000| Untracked 
| 164|0x000000008a400000, 0x000000008a400000, 0x000000008a500000|  0%| F|  |TAMS 0x000000008a400000, 0x000000008a400000| Untracked 
| 165|0x000000008a500000, 0x000000008a500000, 0x000000008a600000|  0%| F|  |TAMS 0x000000008a500000, 0x000000008a500000| Untracked 
| 166|0x000000008a600000, 0x000000008a600000, 0x000000008a700000|  0%| F|  |TAMS 0x000000008a600000, 0x000000008a600000| Untracked 
| 167|0x000000008a700000, 0x000000008a700000, 0x000000008a800000|  0%| F|  |TAMS 0x000000008a700000, 0x000000008a700000| Untracked 
| 168|0x000000008a800000, 0x000000008a800000, 0x000000008a900000|  0%| F|  |TAMS 0x000000008a800000, 0x000000008a800000| Untracked 
| 169|0x000000008a900000, 0x000000008a900000, 0x000000008aa00000|  0%| F|  |TAMS 0x000000008a900000, 0x000000008a900000| Untracked 
| 170|0x000000008aa00000, 0x000000008aa00000, 0x000000008ab00000|  0%| F|  |TAMS 0x000000008aa00000, 0x000000008aa00000| Untracked 
| 171|0x000000008ab00000, 0x000000008ab00000, 0x000000008ac00000|  0%| F|  |TAMS 0x000000008ab00000, 0x000000008ab00000| Untracked 
| 172|0x000000008ac00000, 0x000000008ac00000, 0x000000008ad00000|  0%| F|  |TAMS 0x000000008ac00000, 0x000000008ac00000| Untracked 
| 173|0x000000008ad00000, 0x000000008ad00000, 0x000000008ae00000|  0%| F|  |TAMS 0x000000008ad00000, 0x000000008ad00000| Untracked 
| 174|0x000000008ae00000, 0x000000008ae00000, 0x000000008af00000|  0%| F|  |TAMS 0x000000008ae00000, 0x000000008ae00000| Untracked 
| 175|0x000000008af00000, 0x000000008af00000, 0x000000008b000000|  0%| F|  |TAMS 0x000000008af00000, 0x000000008af00000| Untracked 
| 176|0x000000008b000000, 0x000000008b000000, 0x000000008b100000|  0%| F|  |TAMS 0x000000008b000000, 0x000000008b000000| Untracked 
| 177|0x000000008b100000, 0x000000008b100000, 0x000000008b200000|  0%| F|  |TAMS 0x000000008b100000, 0x000000008b100000| Untracked 
| 178|0x000000008b200000, 0x000000008b200000, 0x000000008b300000|  0%| F|  |TAMS 0x000000008b200000, 0x000000008b200000| Untracked 
| 179|0x000000008b300000, 0x000000008b300000, 0x000000008b400000|  0%| F|  |TAMS 0x000000008b300000, 0x000000008b300000| Untracked 
| 180|0x000000008b400000, 0x000000008b400000, 0x000000008b500000|  0%| F|  |TAMS 0x000000008b400000, 0x000000008b400000| Untracked 
| 181|0x000000008b500000, 0x000000008b500000, 0x000000008b600000|  0%| F|  |TAMS 0x000000008b500000, 0x000000008b500000| Untracked 
| 182|0x000000008b600000, 0x000000008b600000, 0x000000008b700000|  0%| F|  |TAMS 0x000000008b600000, 0x000000008b600000| Untracked 
| 183|0x000000008b700000, 0x000000008b700000, 0x000000008b800000|  0%| F|  |TAMS 0x000000008b700000, 0x000000008b700000| Untracked 
| 184|0x000000008b800000, 0x000000008b800000, 0x000000008b900000|  0%| F|  |TAMS 0x000000008b800000, 0x000000008b800000| Untracked 
| 185|0x000000008b900000, 0x000000008b900000, 0x000000008ba00000|  0%| F|  |TAMS 0x000000008b900000, 0x000000008b900000| Untracked 
| 186|0x000000008ba00000, 0x000000008ba00000, 0x000000008bb00000|  0%| F|  |TAMS 0x000000008ba00000, 0x000000008ba00000| Untracked 
| 187|0x000000008bb00000, 0x000000008bb00000, 0x000000008bc00000|  0%| F|  |TAMS 0x000000008bb00000, 0x000000008bb00000| Untracked 
| 188|0x000000008bc00000, 0x000000008bc00000, 0x000000008bd00000|  0%| F|  |TAMS 0x000000008bc00000, 0x000000008bc00000| Untracked 
| 189|0x000000008bd00000, 0x000000008bd00000, 0x000000008be00000|  0%| F|  |TAMS 0x000000008bd00000, 0x000000008bd00000| Untracked 
| 190|0x000000008be00000, 0x000000008be00000, 0x000000008bf00000|  0%| F|  |TAMS 0x000000008be00000, 0x000000008be00000| Untracked 
| 191|0x000000008bf00000, 0x000000008bf00000, 0x000000008c000000|  0%| F|  |TAMS 0x000000008bf00000, 0x000000008bf00000| Untracked 
| 192|0x000000008c000000, 0x000000008c000000, 0x000000008c100000|  0%| F|  |TAMS 0x000000008c000000, 0x000000008c000000| Untracked 
| 193|0x000000008c100000, 0x000000008c1c23c0, 0x000000008c200000| 75%| S|CS|TAMS 0x000000008c100000, 0x000000008c100000| Complete 
| 194|0x000000008c200000, 0x000000008c300000, 0x000000008c300000|100%| S|CS|TAMS 0x000000008c200000, 0x000000008c200000| Complete 
| 195|0x000000008c300000, 0x000000008c400000, 0x000000008c400000|100%| S|CS|TAMS 0x000000008c300000, 0x000000008c300000| Complete 
| 196|0x000000008c400000, 0x000000008c400000, 0x000000008c500000|  0%| F|  |TAMS 0x000000008c400000, 0x000000008c400000| Untracked 
| 197|0x000000008c500000, 0x000000008c500000, 0x000000008c600000|  0%| F|  |TAMS 0x000000008c500000, 0x000000008c500000| Untracked 
| 198|0x000000008c600000, 0x000000008c600000, 0x000000008c700000|  0%| F|  |TAMS 0x000000008c600000, 0x000000008c600000| Untracked 
| 199|0x000000008c700000, 0x000000008c700000, 0x000000008c800000|  0%| F|  |TAMS 0x000000008c700000, 0x000000008c700000| Untracked 
| 200|0x000000008c800000, 0x000000008c800000, 0x000000008c900000|  0%| F|  |TAMS 0x000000008c800000, 0x000000008c800000| Untracked 
| 201|0x000000008c900000, 0x000000008c900000, 0x000000008ca00000|  0%| F|  |TAMS 0x000000008c900000, 0x000000008c900000| Untracked 
| 202|0x000000008ca00000, 0x000000008ca00000, 0x000000008cb00000|  0%| F|  |TAMS 0x000000008ca00000, 0x000000008ca00000| Untracked 
| 203|0x000000008cb00000, 0x000000008cb00000, 0x000000008cc00000|  0%| F|  |TAMS 0x000000008cb00000, 0x000000008cb00000| Untracked 
| 204|0x000000008cc00000, 0x000000008cc00000, 0x000000008cd00000|  0%| F|  |TAMS 0x000000008cc00000, 0x000000008cc00000| Untracked 
| 205|0x000000008cd00000, 0x000000008cd00000, 0x000000008ce00000|  0%| F|  |TAMS 0x000000008cd00000, 0x000000008cd00000| Untracked 
| 206|0x000000008ce00000, 0x000000008ce00000, 0x000000008cf00000|  0%| F|  |TAMS 0x000000008ce00000, 0x000000008ce00000| Untracked 
| 207|0x000000008cf00000, 0x000000008cf00000, 0x000000008d000000|  0%| F|  |TAMS 0x000000008cf00000, 0x000000008cf00000| Untracked 
| 208|0x000000008d000000, 0x000000008d000000, 0x000000008d100000|  0%| F|  |TAMS 0x000000008d000000, 0x000000008d000000| Untracked 
| 209|0x000000008d100000, 0x000000008d100000, 0x000000008d200000|  0%| F|  |TAMS 0x000000008d100000, 0x000000008d100000| Untracked 
| 210|0x000000008d200000, 0x000000008d200000, 0x000000008d300000|  0%| F|  |TAMS 0x000000008d200000, 0x000000008d200000| Untracked 
| 211|0x000000008d300000, 0x000000008d300000, 0x000000008d400000|  0%| F|  |TAMS 0x000000008d300000, 0x000000008d300000| Untracked 
| 212|0x000000008d400000, 0x000000008d400000, 0x000000008d500000|  0%| F|  |TAMS 0x000000008d400000, 0x000000008d400000| Untracked 
| 213|0x000000008d500000, 0x000000008d500000, 0x000000008d600000|  0%| F|  |TAMS 0x000000008d500000, 0x000000008d500000| Untracked 
| 214|0x000000008d600000, 0x000000008d600000, 0x000000008d700000|  0%| F|  |TAMS 0x000000008d600000, 0x000000008d600000| Untracked 
| 215|0x000000008d700000, 0x000000008d700000, 0x000000008d800000|  0%| F|  |TAMS 0x000000008d700000, 0x000000008d700000| Untracked 
| 216|0x000000008d800000, 0x000000008d800000, 0x000000008d900000|  0%| F|  |TAMS 0x000000008d800000, 0x000000008d800000| Untracked 
| 217|0x000000008d900000, 0x000000008d900000, 0x000000008da00000|  0%| F|  |TAMS 0x000000008d900000, 0x000000008d900000| Untracked 
| 218|0x000000008da00000, 0x000000008da00000, 0x000000008db00000|  0%| F|  |TAMS 0x000000008da00000, 0x000000008da00000| Untracked 
| 219|0x000000008db00000, 0x000000008db00000, 0x000000008dc00000|  0%| F|  |TAMS 0x000000008db00000, 0x000000008db00000| Untracked 
| 220|0x000000008dc00000, 0x000000008dc00000, 0x000000008dd00000|  0%| F|  |TAMS 0x000000008dc00000, 0x000000008dc00000| Untracked 
| 221|0x000000008dd00000, 0x000000008dd00000, 0x000000008de00000|  0%| F|  |TAMS 0x000000008dd00000, 0x000000008dd00000| Untracked 
| 222|0x000000008de00000, 0x000000008de00000, 0x000000008df00000|  0%| F|  |TAMS 0x000000008de00000, 0x000000008de00000| Untracked 
| 223|0x000000008df00000, 0x000000008df00000, 0x000000008e000000|  0%| F|  |TAMS 0x000000008df00000, 0x000000008df00000| Untracked 
| 224|0x000000008e000000, 0x000000008e000000, 0x000000008e100000|  0%| F|  |TAMS 0x000000008e000000, 0x000000008e000000| Untracked 
| 225|0x000000008e100000, 0x000000008e100000, 0x000000008e200000|  0%| F|  |TAMS 0x000000008e100000, 0x000000008e100000| Untracked 
| 226|0x000000008e200000, 0x000000008e200000, 0x000000008e300000|  0%| F|  |TAMS 0x000000008e200000, 0x000000008e200000| Untracked 
| 227|0x000000008e300000, 0x000000008e300000, 0x000000008e400000|  0%| F|  |TAMS 0x000000008e300000, 0x000000008e300000| Untracked 
| 228|0x000000008e400000, 0x000000008e400000, 0x000000008e500000|  0%| F|  |TAMS 0x000000008e400000, 0x000000008e400000| Untracked 
| 229|0x000000008e500000, 0x000000008e500000, 0x000000008e600000|  0%| F|  |TAMS 0x000000008e500000, 0x000000008e500000| Untracked 
| 230|0x000000008e600000, 0x000000008e600000, 0x000000008e700000|  0%| F|  |TAMS 0x000000008e600000, 0x000000008e600000| Untracked 
| 231|0x000000008e700000, 0x000000008e700000, 0x000000008e800000|  0%| F|  |TAMS 0x000000008e700000, 0x000000008e700000| Untracked 
| 232|0x000000008e800000, 0x000000008e800000, 0x000000008e900000|  0%| F|  |TAMS 0x000000008e800000, 0x000000008e800000| Untracked 

Card table byte_map: [0x000001a300400000,0x000001a300800000] _byte_map_base: 0x000001a300000000

Marking Bits (Prev, Next): (CMBitMap*) 0x000001a36cf23928, (CMBitMap*) 0x000001a36cf23960
 Prev Bits: [0x000001a300c00000, 0x000001a302c00000)
 Next Bits: [0x000001a302c00000, 0x000001a304c00000)

Polling page: 0x000001a36aee0000

Metaspace:

Usage:
  Non-class:     86.02 MB capacity,    84.11 MB ( 98%) used,     1.64 MB (  2%) free+waste,   284.00 KB ( <1%) overhead. 
      Class:     13.34 MB capacity,    12.37 MB ( 93%) used,   863.27 KB (  6%) free+waste,   129.75 KB ( <1%) overhead. 
       Both:     99.37 MB capacity,    96.48 MB ( 97%) used,     2.48 MB (  2%) free+waste,   413.75 KB ( <1%) overhead. 

Virtual space:
  Non-class space:       88.00 MB reserved,      86.05 MB ( 98%) committed 
      Class space:        1.00 GB reserved,      13.45 MB (  1%) committed 
             Both:        1.09 GB reserved,      99.50 MB (  9%) committed 

Chunk freelists:
   Non-Class:  24.00 KB
       Class:  1.00 KB
        Both:  25.00 KB

MaxMetaspaceSize: 17179869184.00 GB
CompressedClassSpaceSize: 1.00 GB
Initial GC threshold: 20.80 MB
Current GC threshold: 165.83 MB
CDS: off

CodeHeap 'non-profiled nmethods': size=120000Kb used=5918Kb max_used=5918Kb free=114081Kb
 bounds [0x000001a3784d0000, 0x000001a378aa0000, 0x000001a37fa00000]
CodeHeap 'profiled nmethods': size=120000Kb used=24292Kb max_used=24292Kb free=95707Kb
 bounds [0x000001a370fa0000, 0x000001a372760000, 0x000001a3784d0000]
CodeHeap 'non-nmethods': size=5760Kb used=2436Kb max_used=2449Kb free=3323Kb
 bounds [0x000001a370a00000, 0x000001a370c70000, 0x000001a370fa0000]
 total_blobs=12347 nmethods=11388 adapters=868
 compilation: enabled
              stopped_count=0, restarted_count=0
 full_count=0

Compilation events (20 events):
Event: 292.210 Thread 0x000001a307448000 nmethod 11675 0x000001a372754810 code [0x000001a3727549c0, 0x000001a372754bd8]
Event: 292.210 Thread 0x000001a307448000 11660   !   3       org.gradle.internal.execution.impl.DefaultOutputSnapshotter$1::visitOutputProperty (49 bytes)
Event: 292.211 Thread 0x000001a307443000 nmethod 11606 0x000001a378a97090 code [0x000001a378a97220, 0x000001a378a972d8]
Event: 292.211 Thread 0x000001a307443000 11655       4       org.gradle.internal.hash.HashCode::fromBytes (50 bytes)
Event: 292.211 Thread 0x000001a307448000 nmethod 11660 0x000001a372754c90 code [0x000001a372754e80, 0x000001a372755248]
Event: 292.211 Thread 0x000001a307448000 11661       3       org.gradle.api.internal.artifacts.transform.DefaultTransformerInvocationFactory$AbstractTransformerExecution$$Lambda$1056/0x0000000100c43840::<init> (10 bytes)
Event: 292.211 Thread 0x000001a307448000 nmethod 11661 0x000001a372755590 code [0x000001a372755740, 0x000001a3727558f8]
Event: 292.211 Thread 0x000001a307448000 11662       3       org.gradle.api.internal.artifacts.transform.DefaultTransformerInvocationFactory$AbstractTransformerExecution::getOutputDir (11 bytes)
Event: 292.211 Thread 0x000001a307448000 nmethod 11662 0x000001a372755990 code [0x000001a372755b40, 0x000001a372755cc8]
Event: 292.211 Thread 0x000001a307448000 11663       3       org.gradle.api.internal.artifacts.transform.DefaultTransformerInvocationFactory$AbstractTransformerExecution::getResultsFile (11 bytes)
Event: 292.211 Thread 0x000001a307448000 nmethod 11663 0x000001a372755d90 code [0x000001a372755f40, 0x000001a3727560c8]
Event: 292.211 Thread 0x000001a307448000 11664       3       org.gradle.internal.execution.steps.LoadPreviousExecutionStateStep$1::getWorkspace (10 bytes)
Event: 292.211 Thread 0x000001a307448000 nmethod 11664 0x000001a372756190 code [0x000001a372756340, 0x000001a372756508]
Event: 292.211 Thread 0x000001a307448000 11614       3       org.gradle.internal.operations.DefaultBuildOperationQueue$WorkerRunnable$$Lambda$538/0x0000000100656040::create (12 bytes)
Event: 292.212 Thread 0x000001a307448000 nmethod 11614 0x000001a372756610 code [0x000001a3727567c0, 0x000001a372756908]
Event: 292.212 Thread 0x000001a307448000 11615       3       org.gradle.internal.operations.DefaultBuildOperationQueue$WorkerRunnable::lambda$runBatch$1 (42 bytes)
Event: 292.213 Thread 0x000001a307448000 nmethod 11615 0x000001a372756a10 code [0x000001a372756ce0, 0x000001a372757c38]
Event: 292.214 Thread 0x000001a307443000 nmethod 11655 0x000001a378a97410 code [0x000001a378a975c0, 0x000001a378a977f8]
Event: 292.214 Thread 0x000001a307443000 11676       4       java.lang.invoke.DirectMethodHandle$Holder::invokeStatic (18 bytes)
Event: 292.214 Thread 0x000001a307448000 11678       3       java.util.stream.Collectors::mapping (46 bytes)

GC Heap History (20 events):
Event: 284.475 GC heap after
{Heap after GC invocations=57 (full 0):
 garbage-first heap   total 164864K, used 139567K [0x0000000080000000, 0x0000000100000000)
  region size 1024K, 1 young (1024K), 1 survivors (1024K)
 Metaspace       used 80550K, capacity 83133K, committed 83452K, reserved 1122304K
  class space    used 10442K, capacity 11330K, committed 11468K, reserved 1048576K
}
Event: 284.545 GC heap before
{Heap before GC invocations=57 (full 0):
 garbage-first heap   total 164864K, used 146735K [0x0000000080000000, 0x0000000100000000)
  region size 1024K, 8 young (8192K), 1 survivors (1024K)
 Metaspace       used 80763K, capacity 83325K, committed 83708K, reserved 1122304K
  class space    used 10463K, capacity 11330K, committed 11468K, reserved 1048576K
}
Event: 284.548 GC heap after
{Heap after GC invocations=58 (full 0):
 garbage-first heap   total 198656K, used 139591K [0x0000000080000000, 0x0000000100000000)
  region size 1024K, 1 young (1024K), 1 survivors (1024K)
 Metaspace       used 80763K, capacity 83325K, committed 83708K, reserved 1122304K
  class space    used 10463K, capacity 11330K, committed 11468K, reserved 1048576K
}
Event: 284.718 GC heap before
{Heap before GC invocations=59 (full 0):
 garbage-first heap   total 198656K, used 158023K [0x0000000080000000, 0x0000000100000000)
  region size 1024K, 19 young (19456K), 1 survivors (1024K)
 Metaspace       used 81453K, capacity 84085K, committed 84220K, reserved 1122304K
  class space    used 10551K, capacity 11430K, committed 11468K, reserved 1048576K
}
Event: 284.721 GC heap after
{Heap after GC invocations=60 (full 0):
 garbage-first heap   total 198656K, used 139618K [0x0000000080000000, 0x0000000100000000)
  region size 1024K, 1 young (1024K), 1 survivors (1024K)
 Metaspace       used 81453K, capacity 84085K, committed 84220K, reserved 1122304K
  class space    used 10551K, capacity 11430K, committed 11468K, reserved 1048576K
}
Event: 284.746 GC heap before
{Heap before GC invocations=60 (full 0):
 garbage-first heap   total 198656K, used 139618K [0x0000000080000000, 0x0000000100000000)
  region size 1024K, 3 young (3072K), 1 survivors (1024K)
 Metaspace       used 81640K, capacity 84277K, committed 84476K, reserved 1122304K
  class space    used 10562K, capacity 11430K, committed 11468K, reserved 1048576K
}
Event: 284.749 GC heap after
{Heap after GC invocations=61 (full 0):
 garbage-first heap   total 198656K, used 140122K [0x0000000080000000, 0x0000000100000000)
  region size 1024K, 1 young (1024K), 1 survivors (1024K)
 Metaspace       used 81640K, capacity 84277K, committed 84476K, reserved 1122304K
  class space    used 10562K, capacity 11430K, committed 11468K, reserved 1048576K
}
Event: 285.299 GC heap before
{Heap before GC invocations=62 (full 0):
 garbage-first heap   total 198656K, used 160602K [0x0000000080000000, 0x0000000100000000)
  region size 1024K, 20 young (20480K), 1 survivors (1024K)
 Metaspace       used 84337K, capacity 86900K, committed 87036K, reserved 1124352K
  class space    used 10825K, capacity 11663K, committed 11724K, reserved 1048576K
}
Event: 285.302 GC heap after
{Heap after GC invocations=63 (full 0):
 garbage-first heap   total 198656K, used 140026K [0x0000000080000000, 0x0000000100000000)
  region size 1024K, 1 young (1024K), 1 survivors (1024K)
 Metaspace       used 84337K, capacity 86900K, committed 87036K, reserved 1124352K
  class space    used 10825K, capacity 11663K, committed 11724K, reserved 1048576K
}
Event: 285.857 GC heap before
{Heap before GC invocations=63 (full 0):
 garbage-first heap   total 198656K, used 161530K [0x0000000080000000, 0x0000000100000000)
  region size 1024K, 22 young (22528K), 1 survivors (1024K)
 Metaspace       used 86326K, capacity 88991K, committed 89212K, reserved 1126400K
  class space    used 11143K, capacity 12031K, committed 12108K, reserved 1048576K
}
Event: 285.865 GC heap after
{Heap after GC invocations=64 (full 0):
 garbage-first heap   total 238592K, used 141127K [0x0000000080000000, 0x0000000100000000)
  region size 1024K, 2 young (2048K), 2 survivors (2048K)
 Metaspace       used 86326K, capacity 88991K, committed 89212K, reserved 1126400K
  class space    used 11143K, capacity 12031K, committed 12108K, reserved 1048576K
}
Event: 287.131 GC heap before
{Heap before GC invocations=65 (full 0):
 garbage-first heap   total 238592K, used 177991K [0x0000000080000000, 0x0000000100000000)
  region size 1024K, 38 young (38912K), 2 survivors (2048K)
 Metaspace       used 90158K, capacity 92898K, committed 93052K, reserved 1130496K
  class space    used 11627K, capacity 12510K, committed 12620K, reserved 1048576K
}
Event: 287.141 GC heap after
{Heap after GC invocations=66 (full 0):
 garbage-first heap   total 238592K, used 143348K [0x0000000080000000, 0x0000000100000000)
  region size 1024K, 5 young (5120K), 5 survivors (5120K)
 Metaspace       used 90158K, capacity 92898K, committed 93052K, reserved 1130496K
  class space    used 11627K, capacity 12510K, committed 12620K, reserved 1048576K
}
Event: 288.472 GC heap before
{Heap before GC invocations=66 (full 0):
 garbage-first heap   total 238592K, used 181236K [0x0000000080000000, 0x0000000100000000)
  region size 1024K, 42 young (43008K), 5 survivors (5120K)
 Metaspace       used 94703K, capacity 97475K, committed 97788K, reserved 1134592K
  class space    used 12198K, capacity 13132K, committed 13260K, reserved 1048576K
}
Event: 288.486 GC heap after
{Heap after GC invocations=67 (full 0):
 garbage-first heap   total 238592K, used 145974K [0x0000000080000000, 0x0000000100000000)
  region size 1024K, 5 young (5120K), 5 survivors (5120K)
 Metaspace       used 94703K, capacity 97475K, committed 97788K, reserved 1134592K
  class space    used 12198K, capacity 13132K, committed 13260K, reserved 1048576K
}
Event: 290.942 GC heap before
{Heap before GC invocations=68 (full 0):
 garbage-first heap   total 238592K, used 183862K [0x0000000080000000, 0x0000000100000000)
  region size 1024K, 43 young (44032K), 5 survivors (5120K)
 Metaspace       used 98184K, capacity 101026K, committed 101244K, reserved 1136640K
  class space    used 12644K, capacity 13607K, committed 13644K, reserved 1048576K
}
Event: 290.951 GC heap after
{Heap after GC invocations=69 (full 0):
 garbage-first heap   total 238592K, used 149963K [0x0000000080000000, 0x0000000100000000)
  region size 1024K, 6 young (6144K), 6 survivors (6144K)
 Metaspace       used 98184K, capacity 101026K, committed 101244K, reserved 1136640K
  class space    used 12644K, capacity 13607K, committed 13644K, reserved 1048576K
}
Event: 291.553 GC heap before
{Heap before GC invocations=69 (full 0):
 garbage-first heap   total 238592K, used 187851K [0x0000000080000000, 0x0000000100000000)
  region size 1024K, 44 young (45056K), 6 survivors (6144K)
 Metaspace       used 98608K, capacity 101532K, committed 101884K, reserved 1138688K
  class space    used 12668K, capacity 13663K, committed 13772K, reserved 1048576K
}
Event: 291.571 GC heap after
{Heap after GC invocations=70 (full 0):
 garbage-first heap   total 238592K, used 154246K [0x0000000080000000, 0x0000000100000000)
  region size 1024K, 4 young (4096K), 4 survivors (4096K)
 Metaspace       used 98608K, capacity 101532K, committed 101884K, reserved 1138688K
  class space    used 12668K, capacity 13663K, committed 13772K, reserved 1048576K
}
Event: 292.215 GC heap before
{Heap before GC invocations=71 (full 0):
 garbage-first heap   total 238592K, used 191110K [0x0000000080000000, 0x0000000100000000)
  region size 1024K, 41 young (41984K), 4 survivors (4096K)
 Metaspace       used 98794K, capacity 101751K, committed 101884K, reserved 1138688K
  class space    used 12669K, capacity 13663K, committed 13772K, reserved 1048576K
}

Deoptimization events (20 events):
Event: 291.413 Thread 0x000001a30cb0f800 DEOPT PACKING pc=0x000001a37227c744 sp=0x000000a2d1af7710
Event: 291.414 Thread 0x000001a30cb0f800 DEOPT UNPACKING pc=0x000001a370a4a95e sp=0x000000a2d1af6cb0 mode 0
Event: 291.524 Thread 0x000001a310a01000 DEOPT PACKING pc=0x000001a37227c744 sp=0x000000a2d7efd380
Event: 291.524 Thread 0x000001a310a01000 DEOPT UNPACKING pc=0x000001a370a4a95e sp=0x000000a2d7efc920 mode 0
Event: 291.636 Thread 0x000001a310a02800 DEOPT PACKING pc=0x000001a37227c744 sp=0x000000a2d81fd4c0
Event: 291.636 Thread 0x000001a310a02800 DEOPT UNPACKING pc=0x000001a370a4a95e sp=0x000000a2d81fca60 mode 0
Event: 291.662 Thread 0x000001a309fa5800 DEOPT PACKING pc=0x000001a371858033 sp=0x000000a2d28fe2e0
Event: 291.662 Thread 0x000001a309fa5800 DEOPT UNPACKING pc=0x000001a370a4a95e sp=0x000000a2d28fd750 mode 0
Event: 291.712 Thread 0x000001a310a03800 Uncommon trap: trap_request=0xffffff4d fr.pc=0x000001a378a754f8 relative=0x00000000000001d8
Event: 291.713 Thread 0x000001a310a03800 Uncommon trap: reason=unstable_if action=reinterpret pc=0x000001a378a754f8 method=org.gradle.internal.snapshot.VfsRelativePath.compareToFirstSegment(Ljava/lang/String;Lorg/gradle/internal/snapshot/CaseSensitivity;)I @ 175 c2
Event: 291.713 Thread 0x000001a310a03800 DEOPT PACKING pc=0x000001a378a754f8 sp=0x000000a2d7ffc970
Event: 291.713 Thread 0x000001a310a03800 DEOPT UNPACKING pc=0x000001a370a4a1af sp=0x000000a2d7ffc8f8 mode 2
Event: 291.732 Thread 0x000001a30a5f7000 DEOPT PACKING pc=0x000001a37227c744 sp=0x000000a2d43fcd30
Event: 291.732 Thread 0x000001a30a5f7000 DEOPT UNPACKING pc=0x000001a370a4a95e sp=0x000000a2d43fc2d0 mode 0
Event: 291.847 Thread 0x000001a30a5fa800 DEOPT PACKING pc=0x000001a37227c744 sp=0x000000a2d48fbb40
Event: 291.848 Thread 0x000001a30a5fa800 DEOPT UNPACKING pc=0x000001a370a4a95e sp=0x000000a2d48fb0e0 mode 0
Event: 291.904 Thread 0x000001a3109fd800 DEOPT PACKING pc=0x000001a37227c744 sp=0x000000a2d82fb9f0
Event: 291.905 Thread 0x000001a3109fd800 DEOPT UNPACKING pc=0x000001a370a4a95e sp=0x000000a2d82faf90 mode 0
Event: 292.008 Thread 0x000001a30bf6d000 DEOPT PACKING pc=0x000001a37227c744 sp=0x000000a2d6bfd040
Event: 292.008 Thread 0x000001a30bf6d000 DEOPT UNPACKING pc=0x000001a370a4a95e sp=0x000000a2d6bfc5e0 mode 0

Classes redefined (0 events):
No events

Internal exceptions (20 events):
Event: 286.143 Thread 0x000001a30cb0f800 Exception <a 'sun/nio/fs/WindowsException'{0x000000008e3cfe80}> (0x000000008e3cfe80) thrown at [./src/hotspot/share/prims/jni.cpp, line 616]
Event: 286.143 Thread 0x000001a30cb0f800 Exception <a 'sun/nio/fs/WindowsException'{0x000000008e3d1248}> (0x000000008e3d1248) thrown at [./src/hotspot/share/prims/jni.cpp, line 616]
Event: 286.556 Thread 0x000001a30cb0f800 Exception <a 'java/lang/ClassNotFoundException'{0x000000008d75d040}: com/google/gms/googleservices/GoogleServicesTask_DecoratedBeanInfo> (0x000000008d75d040) thrown at [./src/hotspot/share/classfile/systemDictionary.cpp, line 231]
Event: 286.557 Thread 0x000001a30cb0f800 Exception <a 'java/lang/ClassNotFoundException'{0x000000008d77b550}: com/google/gms/googleservices/GoogleServicesTask_DecoratedCustomizer> (0x000000008d77b550) thrown at [./src/hotspot/share/classfile/systemDictionary.cpp, line 231]
Event: 286.568 Thread 0x000001a30cb0f800 Exception <a 'java/lang/ClassNotFoundException'{0x000000008d7f9a48}: org/gradle/api/internal/file/DefaultFilePropertyFactory$DefaultDirectoryVarBeanInfo> (0x000000008d7f9a48) thrown at [./src/hotspot/share/classfile/systemDictionary.cpp, line 231]
Event: 286.569 Thread 0x000001a30cb0f800 Exception <a 'java/lang/ClassNotFoundException'{0x000000008d617a08}: org/gradle/api/internal/file/DefaultFilePropertyFactory$AbstractFileVarBeanInfo> (0x000000008d617a08) thrown at [./src/hotspot/share/classfile/systemDictionary.cpp, line 231]
Event: 286.570 Thread 0x000001a30cb0f800 Exception <a 'java/lang/ClassNotFoundException'{0x000000008d635550}: org/gradle/api/internal/file/DefaultFilePropertyFactory$AbstractFileVarCustomizer> (0x000000008d635550) thrown at [./src/hotspot/share/classfile/systemDictionary.cpp, line 231]
Event: 286.577 Thread 0x000001a30cb0f800 Exception <a 'java/lang/ClassNotFoundException'{0x000000008d693cc0}: org/gradle/api/internal/file/DefaultFilePropertyFactory$DefaultDirectoryVarCustomizer> (0x000000008d693cc0) thrown at [./src/hotspot/share/classfile/systemDictionary.cpp, line 231]
Event: 286.588 Thread 0x000001a30cb0f800 Exception <a 'java/lang/ClassNotFoundException'{0x000000008d58be70}: org/gradle/api/internal/file/collections/DefaultConfigurableFileCollectionBeanInfo> (0x000000008d58be70) thrown at [./src/hotspot/share/classfile/systemDictionary.cpp, line 231]
Event: 286.589 Thread 0x000001a30cb0f800 Exception <a 'java/lang/ClassNotFoundException'{0x000000008d5a6ea0}: org/gradle/api/internal/file/CompositeFileCollectionBeanInfo> (0x000000008d5a6ea0) thrown at [./src/hotspot/share/classfile/systemDictionary.cpp, line 231]
Event: 286.590 Thread 0x000001a30cb0f800 Exception <a 'java/lang/ClassNotFoundException'{0x000000008d5c20d0}: org/gradle/api/internal/file/CompositeFileCollectionCustomizer> (0x000000008d5c20d0) thrown at [./src/hotspot/share/classfile/systemDictionary.cpp, line 231]
Event: 286.592 Thread 0x000001a30cb0f800 Exception <a 'java/lang/ClassNotFoundException'{0x000000008d5e9228}: org/gradle/api/internal/file/collections/DefaultConfigurableFileCollectionCustomizer> (0x000000008d5e9228) thrown at [./src/hotspot/share/classfile/systemDictionary.cpp, line 231]
Event: 286.611 Thread 0x000001a30cb0f800 Exception <a 'java/lang/NoSuchMethodError'{0x000000008d444a48}: 'int java.lang.invoke.DirectMethodHandle$Holder.invokeSpecialIFC(java.lang.Object, java.lang.Object, java.lang.Object)'> (0x000000008d444a48) thrown at [./src/hotspot/share/interpreter/linkResolver.cpp, line 773]
Event: 287.156 Thread 0x000001a30cb0f800 Implicit null exception at 0x000001a3789ad490 to 0x000001a3789b31d8
Event: 287.248 Thread 0x000001a30cb0f800 Exception <a 'java/lang/NoSuchMethodError'{0x000000008e6959c8}: 'void java.lang.invoke.DirectMethodHandle$Holder.invokeStatic(java.lang.Object, java.lang.Object, java.lang.Object, java.lang.Object, int, java.lang.Object, java.lang.Object)'> (0x000000008e6959c8) thrown at [./src/hotspot/share/interpreter/linkResolver.cpp, line 773]
Event: 287.345 Thread 0x000001a30cb11000 Implicit null exception at 0x000001a378912ee8 to 0x000001a378913782
Event: 287.411 Thread 0x000001a30a5fb000 Exception <a 'java/lang/IncompatibleClassChangeError'{0x000000008e3c0c68}: Found class java.lang.Object, but interface was expected> (0x000000008e3c0c68) thrown at [./src/hotspot/share/interpreter/linkResolver.cpp, line 839]
Event: 287.448 Thread 0x000001a30a5fb000 Exception <a 'java/lang/NoSuchMethodError'{0x000000008e121c28}: 'int java.lang.invoke.DirectMethodHandle$Holder.invokeStaticInit(java.lang.Object, java.lang.Object, java.lang.Object, java.lang.Object, java.lang.Object)'> (0x000000008e121c28) thrown at [./src/hotspot/share/interpreter/linkResolver.cpp, line 773]
Event: 291.062 Thread 0x000001a3084e6800 Exception <a 'java/lang/NoSuchMethodError'{0x000000008e0059c8}: 'java.lang.Object java.lang.invoke.DirectMethodHandle$Holder.invokeSpecialIFC(java.lang.Object, java.lang.Object, java.lang.Object)'> (0x000000008e0059c8) thrown at [./src/hotspot/share/interpreter/linkResolver.cpp, line 773]
Event: 291.062 Thread 0x000001a30bf72000 Exception <a 'java/lang/NoSuchMethodError'{0x000000008e00be58}: 'java.lang.Object java.lang.invoke.DirectMethodHandle$Holder.invokeSpecialIFC(java.lang.Object, java.lang.Object, java.lang.Object)'> (0x000000008e00be58) thrown at [./src/hotspot/share/interpreter/linkResolver.cpp, line 773]

Events (20 events):
Event: 291.909 Executing VM operation: RevokeBias
Event: 291.910 Executing VM operation: RevokeBias done
Event: 291.968 Executing VM operation: RevokeBias
Event: 291.969 Executing VM operation: RevokeBias done
Event: 291.969 Executing VM operation: RevokeBias
Event: 291.970 Executing VM operation: RevokeBias done
Event: 291.986 Executing VM operation: BulkRevokeBias
Event: 291.991 Executing VM operation: BulkRevokeBias done
Event: 292.071 Loaded shared library C:\Program Files\Android\Android Studio\jre\bin\nio.dll
Event: 292.157 loading class com/android/build/gradle/internal/ide/dependencies/VariantKey
Event: 292.157 loading class com/android/build/gradle/internal/ide/dependencies/VariantKey done
Event: 292.159 loading class org/gradle/api/artifacts/result/ResolvedVariantResult
Event: 292.159 loading class org/gradle/api/artifacts/result/ResolvedVariantResult done
Event: 292.160 loading class com/android/build/gradle/internal/ide/dependencies/ArtifactUtils$getAllArtifacts$explodedAars$1
Event: 292.160 loading class com/android/build/gradle/internal/ide/dependencies/ArtifactUtils$getAllArtifacts$explodedAars$1 done
Event: 292.172 loading class com/android/build/gradle/internal/ide/dependencies/ArtifactUtils$getAllArtifacts$lintJars$1
Event: 292.172 loading class com/android/build/gradle/internal/ide/dependencies/ArtifactUtils$getAllArtifacts$lintJars$1 done
Event: 292.185 Executing VM operation: ICBufferFull
Event: 292.186 Executing VM operation: ICBufferFull done
Event: 292.215 Executing VM operation: G1CollectForAllocation


Dynamic libraries:
0x00007ff62a160000 - 0x00007ff62a16a000 	C:\Program Files\Android\Android Studio\jre\bin\java.exe
0x00007ffe46a30000 - 0x00007ffe46c25000 	C:\Windows\SYSTEM32\ntdll.dll
0x00007ffe45020000 - 0x00007ffe450de000 	C:\Windows\System32\KERNEL32.DLL
0x00007ffe445f0000 - 0x00007ffe448b8000 	C:\Windows\System32\KERNELBASE.dll
0x00007ffe44980000 - 0x00007ffe44a80000 	C:\Windows\System32\ucrtbase.dll
0x00007ffe1c710000 - 0x00007ffe1c729000 	C:\Program Files\Android\Android Studio\jre\bin\jli.dll
0x00007ffe1c7a0000 - 0x00007ffe1c7b7000 	C:\Program Files\Android\Android Studio\jre\bin\VCRUNTIME140.dll
0x00007ffe46840000 - 0x00007ffe469e1000 	C:\Windows\System32\USER32.dll
0x00007ffe2b760000 - 0x00007ffe2b9fa000 	C:\Windows\WinSxS\amd64_microsoft.windows.common-controls_6595b64144ccf1df_6.0.19041.1110_none_60b5254171f9507e\COMCTL32.dll
0x00007ffe443c0000 - 0x00007ffe443e2000 	C:\Windows\System32\win32u.dll
0x00007ffe45480000 - 0x00007ffe454ab000 	C:\Windows\System32\GDI32.dll
0x00007ffe45230000 - 0x00007ffe452ce000 	C:\Windows\System32\msvcrt.dll
0x00007ffe442b0000 - 0x00007ffe443bb000 	C:\Windows\System32\gdi32full.dll
0x00007ffe44550000 - 0x00007ffe445ed000 	C:\Windows\System32\msvcp_win.dll
0x00007ffe45940000 - 0x00007ffe45970000 	C:\Windows\System32\IMM32.DLL
0x00007ffe055c0000 - 0x00007ffe0565d000 	C:\Program Files\Android\Android Studio\jre\bin\msvcp140.dll
0x00007ffe04a70000 - 0x00007ffe05572000 	C:\Program Files\Android\Android Studio\jre\bin\server\jvm.dll
0x00007ffe44df0000 - 0x00007ffe44e9c000 	C:\Windows\System32\ADVAPI32.dll
0x00007ffe45190000 - 0x00007ffe4522b000 	C:\Windows\System32\sechost.dll
0x00007ffe45540000 - 0x00007ffe4566a000 	C:\Windows\System32\RPCRT4.dll
0x00007ffe44de0000 - 0x00007ffe44de8000 	C:\Windows\System32\PSAPI.DLL
0x00007ffe3b480000 - 0x00007ffe3b489000 	C:\Windows\SYSTEM32\WSOCK32.dll
0x00007ffe35350000 - 0x00007ffe35377000 	C:\Windows\SYSTEM32\WINMM.dll
0x00007ffe3dd30000 - 0x00007ffe3dd3a000 	C:\Windows\SYSTEM32\VERSION.dll
0x00007ffe45870000 - 0x00007ffe458db000 	C:\Windows\System32\WS2_32.dll
0x00007ffe42070000 - 0x00007ffe42082000 	C:\Windows\SYSTEM32\kernel.appcore.dll
0x00007ffe31a50000 - 0x00007ffe31a61000 	C:\Program Files\Android\Android Studio\jre\bin\verify.dll
0x00007ffe2ca40000 - 0x00007ffe2cc24000 	C:\Windows\SYSTEM32\DBGHELP.DLL
0x00007ffe2c9c0000 - 0x00007ffe2c9ec000 	C:\Windows\SYSTEM32\dbgcore.DLL
0x00007ffe448f0000 - 0x00007ffe44973000 	C:\Windows\System32\bcryptPrimitives.dll
0x00007ffe222d0000 - 0x00007ffe222f9000 	C:\Program Files\Android\Android Studio\jre\bin\java.dll
0x00007ffe34610000 - 0x00007ffe3461b000 	C:\Program Files\Android\Android Studio\jre\bin\jimage.dll
0x00007ffe2fff0000 - 0x00007ffe30008000 	C:\Program Files\Android\Android Studio\jre\bin\zip.dll
0x00007ffe46080000 - 0x00007ffe467bf000 	C:\Windows\System32\SHELL32.dll
0x00007ffe42270000 - 0x00007ffe42a00000 	C:\Windows\SYSTEM32\windows.storage.dll
0x00007ffe44a80000 - 0x00007ffe44dd5000 	C:\Windows\System32\combase.dll
0x00007ffe43ba0000 - 0x00007ffe43bce000 	C:\Windows\SYSTEM32\Wldp.dll
0x00007ffe45b50000 - 0x00007ffe45bfd000 	C:\Windows\System32\SHCORE.dll
0x00007ffe45670000 - 0x00007ffe456c5000 	C:\Windows\System32\shlwapi.dll
0x00007ffe44090000 - 0x00007ffe440af000 	C:\Windows\SYSTEM32\profapi.dll
0x00007ffe2f7b0000 - 0x00007ffe2f7ca000 	C:\Program Files\Android\Android Studio\jre\bin\net.dll
0x00007ffe3dc20000 - 0x00007ffe3dd2c000 	C:\Windows\SYSTEM32\WINHTTP.dll
0x00007ffe43900000 - 0x00007ffe4396a000 	C:\Windows\system32\mswsock.dll
0x00007ffe21b70000 - 0x00007ffe21b84000 	C:\Program Files\Android\Android Studio\jre\bin\nio.dll
0x00007ffe3b4c0000 - 0x00007ffe3b4e7000 	C:\Users\Admin\.gradle\native\e1d6ef7f7dcc3fd88c89a11ec53ec762bb8ba0a96d01ffa2cd45eb1d1d8dd5c5\windows-amd64\native-platform.dll
0x00007ffe03630000 - 0x00007ffe03774000 	C:\Users\Admin\.gradle\native\0d407fdbe67a94daf76414ababcb853783967236a71b16ec16e742cd7a986fd3\windows-amd64\native-platform-file-events.dll
0x00007ffe345f0000 - 0x00007ffe345fa000 	C:\Program Files\Android\Android Studio\jre\bin\management.dll
0x00007ffe34150000 - 0x00007ffe3415d000 	C:\Program Files\Android\Android Studio\jre\bin\management_ext.dll
0x00007ffe43af0000 - 0x00007ffe43b08000 	C:\Windows\SYSTEM32\CRYPTSP.dll
0x00007ffe43210000 - 0x00007ffe43244000 	C:\Windows\system32\rsaenh.dll
0x00007ffe448c0000 - 0x00007ffe448e7000 	C:\Windows\System32\bcrypt.dll
0x00007ffe44050000 - 0x00007ffe4407e000 	C:\Windows\SYSTEM32\USERENV.dll
0x00007ffe43b10000 - 0x00007ffe43b1c000 	C:\Windows\SYSTEM32\CRYPTBASE.dll
0x00007ffe435a0000 - 0x00007ffe435db000 	C:\Windows\SYSTEM32\IPHLPAPI.DLL
0x00007ffe45970000 - 0x00007ffe45978000 	C:\Windows\System32\NSI.dll
0x00007ffe3e6b0000 - 0x00007ffe3e6c7000 	C:\Windows\SYSTEM32\dhcpcsvc6.DLL
0x00007ffe3e690000 - 0x00007ffe3e6ad000 	C:\Windows\SYSTEM32\dhcpcsvc.DLL
0x00007ffe435f0000 - 0x00007ffe436bb000 	C:\Windows\SYSTEM32\DNSAPI.dll
0x00007ffe149e0000 - 0x00007ffe14a07000 	C:\Program Files\Android\Android Studio\jre\bin\sunec.dll
0x00007ffe3db30000 - 0x00007ffe3db3a000 	C:\Windows\System32\rasadhlp.dll
0x00007ffe3d2e0000 - 0x00007ffe3d35f000 	C:\Windows\System32\fwpuclnt.dll

dbghelp: loaded successfully - version: 4.0.5 - missing functions: none
symbol engine: initialized successfully - sym options: 0x614 - pdb path: .;C:\Program Files\Android\Android Studio\jre\bin;C:\Windows\SYSTEM32;C:\Windows\WinSxS\amd64_microsoft.windows.common-controls_6595b64144ccf1df_6.0.19041.1110_none_60b5254171f9507e;C:\Program Files\Android\Android Studio\jre\bin\server;C:\Users\Admin\.gradle\native\e1d6ef7f7dcc3fd88c89a11ec53ec762bb8ba0a96d01ffa2cd45eb1d1d8dd5c5\windows-amd64;C:\Users\Admin\.gradle\native\0d407fdbe67a94daf76414ababcb853783967236a71b16ec16e742cd7a986fd3\windows-amd64

VM Arguments:
jvm_args: --add-opens=java.base/java.util=ALL-UNNAMED --add-opens=java.base/java.lang=ALL-UNNAMED --add-opens=java.base/java.lang.invoke=ALL-UNNAMED --add-opens=java.base/java.util=ALL-UNNAMED --add-opens=java.prefs/java.util.prefs=ALL-UNNAMED --add-opens=java.prefs/java.util.prefs=ALL-UNNAMED --add-opens=java.base/java.nio.charset=ALL-UNNAMED --add-opens=java.base/java.net=ALL-UNNAMED --add-opens=java.base/java.util.concurrent.atomic=ALL-UNNAMED -Xmx2048m -Dfile.encoding=UTF-8 -Duser.country=US -Duser.language=en -Duser.variant 
java_command: org.gradle.launcher.daemon.bootstrap.GradleDaemon 7.4
java_class_path (initial): C:\Users\Admin\.gradle\wrapper\dists\gradle-7.4-bin\c0gwcg53nkjbqw7r0h0umtfvt\gradle-7.4\lib\gradle-launcher-7.4.jar
Launcher Type: SUN_STANDARD

[Global flags]
     intx CICompilerCount                          = 4                                         {product} {ergonomic}
     uint ConcGCThreads                            = 2                                         {product} {ergonomic}
     uint G1ConcRefinementThreads                  = 8                                         {product} {ergonomic}
   size_t G1HeapRegionSize                         = 1048576                                   {product} {ergonomic}
    uintx GCDrainStackTargetSize                   = 64                                        {product} {ergonomic}
   size_t InitialHeapSize                          = 132120576                                 {product} {ergonomic}
   size_t MarkStackSize                            = 4194304                                   {product} {ergonomic}
   size_t MaxHeapSize                              = 2147483648                                {product} {command line}
   size_t MaxNewSize                               = 1287651328                                {product} {ergonomic}
   size_t MinHeapDeltaBytes                        = 1048576                                   {product} {ergonomic}
    uintx NonNMethodCodeHeapSize                   = 5836300                                {pd product} {ergonomic}
    uintx NonProfiledCodeHeapSize                  = 122910970                              {pd product} {ergonomic}
    uintx ProfiledCodeHeapSize                     = 122910970                              {pd product} {ergonomic}
    uintx ReservedCodeCacheSize                    = 251658240                              {pd product} {ergonomic}
     bool SegmentedCodeCache                       = true                                      {product} {ergonomic}
     bool UseCompressedClassPointers               = true                                 {lp64_product} {ergonomic}
     bool UseCompressedOops                        = true                                 {lp64_product} {ergonomic}
     bool UseG1GC                                  = true                                      {product} {ergonomic}
     bool UseLargePagesIndividualAllocation        = false                                  {pd product} {ergonomic}

Logging:
Log output configuration:
 #0: stdout all=warning uptime,level,tags
 #1: stderr all=off uptime,level,tags

Environment Variables:
PATH=C:\Program Files\Common Files\Oracle\Java\javapath;C:\Windows\system32;C:\Windows;C:\Windows\System32\Wbem;C:\Windows\System32\WindowsPowerShell\v1.0\;C:\Windows\System32\OpenSSH\;C:\Program Files (x86)\NVIDIA Corporation\PhysX\Common;C:\Program Files\NVIDIA Corporation\NVIDIA NvDLISR;C:\Program Files\Azure Data Studio\bin;C:\Program Files\Microsoft SQL Server\Client SDK\ODBC\170\Tools\Binn\;C:\Program Files (x86)\Microsoft SQL Server\150\Tools\Binn\;C:\Program Files\Microsoft SQL Server\150\Tools\Binn\;C:\Program Files\Microsoft SQL Server\150\DTS\Binn\;F:\msys64\mingw64\bin;C:\Program Files\Java\jdk-18\bin;D:\Git\cmd;D:\;C:\Program Files\Common Files\Oracle\Java\javapath;C:\Windows\system32;C:\Windows;C:\Windows\System32\Wbem;C:\Windows\System32\WindowsPowerShell\v1.0\;C:\Windows\System32\OpenSSH\;C:\Program Files (x86)\NVIDIA Corporation\PhysX\Common;C:\Program Files\NVIDIA Corporation\NVIDIA NvDLISR;C:\Program Files\Azure Data Studio\bin;C:\Program Files\Microsoft SQL Server\Client SDK\ODBC\170\Tools\Binn\;C:\Program Files (x86)\Microsoft SQL Server\150\Tools\Binn\;C:\Program Files\Microsoft SQL Server\150\Tools\Binn\;C:\Program Files\Microsoft SQL Server\150\DTS\Binn\;F:\msys64\mingw64\bin;C:\Program Files\Java\jdk-18\bin;D:\Git\cmd;D:\;C:\Users\Admin\AppData\Local\Programs\Python\Python310\Scripts\;C:\Users\Admin\AppData\Local\Programs\Python\Python310\;C:\Users\Admin\AppData\Local\Microsoft\WindowsApps;C:\Program Files\Azure Data Studio\bin;F:\intellijIDEA\IntelliJ IDEA Community Edition 2021.3\bin;F:\msys64\mingw64\bin;C:\Users\Admin\AppData\Roaming\npm;C:\Program Files (x86)\Microsoft VS Code;C:\Users\Admin\AppData\Loc;C:\Users\Admin\AppData\Local\Programs\Microsoft VS Code\bin
USERNAME=Admin
OS=Windows_NT
PROCESSOR_IDENTIFIER=Intel64 Family 6 Model 165 Stepping 3, GenuineIntel



---------------  S Y S T E M  ---------------

OS: Windows 10 , 64 bit Build 19041 (10.0.19041.1348)
OS uptime: 1 days 7:32 hours

CPU:total 8 (initial active 8) (4 cores per cpu, 2 threads per core) family 6 model 165 stepping 3 microcode 0xe0, cmov, cx8, fxsr, mmx, sse, sse2, sse3, ssse3, sse4.1, sse4.2, popcnt, avx, avx2, aes, clmul, erms, 3dnowpref, lzcnt, ht, tsc, tscinvbit, bmi1, bmi2, adx, fma

Memory: 4k page, system-wide physical 8061M (288M free)
TotalPageFile size 12157M (AvailPageFile size 9M)
current process WorkingSet (physical memory assigned to process): 400M, peak: 403M
current process commit charge ("private bytes"): 541M, peak: 588M

vm_info: OpenJDK 64-Bit Server VM (11.0.13+0-b1751.21-8125866) for windows-amd64 JRE (11.0.13+0-b1751.21-8125866), built on Feb  2 2022 03:00:22 by "builder" with MS VC++ 14.0 (VS2015)

END.
